\BOOKMARK [0][-]{section*.1}{Alumnos\040en\040preprimaria}{}% 1
\BOOKMARK [1][-]{section*.2}{\040Inscritos\040}{section*.1}% 2
\BOOKMARK [1][-]{section*.3}{\040Inscritos\040por\040sexo}{section*.1}% 3
\BOOKMARK [1][-]{section*.4}{\040Inscritos\040por\040etnia}{section*.1}% 4
\BOOKMARK [1][-]{section*.5}{\040Inscritos\040por\040sector\040educativo}{section*.1}% 5
\BOOKMARK [1][-]{section*.6}{\040Inscritos\040e\040idioma}{section*.1}% 6
\BOOKMARK [1][-]{section*.7}{\040Inscritos\040en\040los\040departamentos}{section*.1}% 7
\BOOKMARK [0][-]{section*.8}{Indicadores\040de\040preprimaria}{}% 8
\BOOKMARK [1][-]{section*.9}{\040Cobertura\040bruta}{section*.8}% 9
\BOOKMARK [1][-]{section*.10}{\040Cobertura\040bruta\040por\040sexo}{section*.8}% 10
\BOOKMARK [1][-]{section*.11}{\040Cobertura\040bruta\040en\040los\040departamentos}{section*.8}% 11
\BOOKMARK [1][-]{section*.12}{\040Cobertura\040neta}{section*.8}% 12
\BOOKMARK [1][-]{section*.13}{\040Cobertura\040neta\040por\040sexo}{section*.8}% 13
\BOOKMARK [1][-]{section*.14}{\040Cobertura\040neta\040en\040los\040departamentos}{section*.8}% 14
\BOOKMARK [0][-]{section*.16}{Nacimientos: características escolares de las madres}{}% 15
\BOOKMARK [1][-]{section*.17}{\040Nacimientos}{section*.16}% 16
\BOOKMARK [1][-]{section*.18}{\040Escolaridad\040de\040la\040madre}{section*.16}% 17
\BOOKMARK [1][-]{section*.19}{\040Madres\040sin\040escolaridad}{section*.16}% 18
\BOOKMARK [1][-]{section*.20}{\040Madres\040sin\040escolaridad\040por\040etnia}{section*.16}% 19
\BOOKMARK [1][-]{section*.21}{\040Madres\040sin\040escolaridad\040en\040los\040departamentos}{section*.16}% 20
\BOOKMARK [1][-]{section*.22}{\040Promedio\040de\040hijos}{section*.16}% 21
\BOOKMARK [1][-]{section*.23}{\040Promedio\040de\040hijos\040de\040madres\040sin\040escolaridad}{section*.16}% 22
\BOOKMARK [1][-]{section*.24}{\040Promedio\040de\040hijos\040de\040madres\040sin\040escolaridad\040en\040los\040departamentos}{section*.16}% 23
\BOOKMARK [1][-]{section*.25}{ Madres que recibieron atención médica}{section*.16}% 24
\BOOKMARK [1][-]{section*.26}{ Madres sin escolaridad que recibieron atención médica}{section*.16}% 25
\BOOKMARK [1][-]{section*.27}{ Madres sin escolaridad que recibieron atención médicaen los departamentos}{section*.16}% 26
\BOOKMARK [1][-]{section*.28}{ Nacimientos ocurridos en centro médico, según escolaridad la madre}{section*.16}% 27
\BOOKMARK [1][-]{section*.29}{ Nacimientos ocurridos en centro médico, madres sin escolaridad}{section*.16}% 28
\BOOKMARK [1][-]{section*.30}{ Madres sin escolaridad que recibieron atención médicaen los departamentos}{section*.16}% 29
\BOOKMARK [0][-]{section*.31}{Caracterización estadística educativa de las personas que contajeron matrimonio}{}% 30
\BOOKMARK [1][-]{section*.32}{\040Matrimonios}{section*.31}% 31
\BOOKMARK [1][-]{section*.33}{ Cónyuges sin escolaridad}{section*.31}% 32
\BOOKMARK [1][-]{section*.34}{ Cónyuges universitarios}{section*.31}% 33
\BOOKMARK [1][-]{section*.35}{ Mujeres sin escolaridad segùn nivel escolar del hombre}{section*.31}% 34
\BOOKMARK [1][-]{section*.36}{ Mujeres universitarias segùn nivel escolar del hombre}{section*.31}% 35
\BOOKMARK [1][-]{section*.37}{ Edad promedio según nivel de escolaridad }{section*.31}% 36
\BOOKMARK [1][-]{section*.38}{ Etnicidad según nivel de escolaridad}{section*.31}% 37
\BOOKMARK [0][-]{section*.40}{Alfabetismo de la población en edad de trabajar}{}% 38
\BOOKMARK [1][-]{section*.41}{\040Alfabetismo}{section*.40}% 39
\BOOKMARK [1][-]{section*.42}{ Alfabetismo según sexo}{section*.40}% 40
\BOOKMARK [1][-]{section*.43}{\040Alfabetismo\040por\040edad}{section*.40}% 41
\BOOKMARK [1][-]{section*.44}{\040Alfabetismo\040por\040etnia}{section*.40}% 42
\BOOKMARK [1][-]{section*.45}{ Alfabetismo según etnia y sexo}{section*.40}% 43
\BOOKMARK [1][-]{section*.46}{ Alfabetismo por área de residencia}{section*.40}% 44
\BOOKMARK [1][-]{section*.47}{ Alfabetismo por área y sexo}{section*.40}% 45
\BOOKMARK [0][-]{section*.48}{Caracterización escolar de la población económicamente activa}{}% 46
\BOOKMARK [1][-]{section*.49}{ Participación PEA}{section*.48}% 47
\BOOKMARK [1][-]{section*.50}{\040PEA\040que\040sabe\040leer\040y\040escribir}{section*.48}% 48
\BOOKMARK [1][-]{section*.51}{ PEA según nivel de escolaridad}{section*.48}% 49
\BOOKMARK [1][-]{section*.52}{ PEA según escolaridad y sexo}{section*.48}% 50
\BOOKMARK [1][-]{section*.53}{ PEA según escolaridad y etnia}{section*.48}% 51
\BOOKMARK [1][-]{section*.54}{ PEA que asistió a un plantel educativo}{section*.48}% 52
\BOOKMARK [0][-]{section*.55}{Caracterización escolar de los ocupados y desocupados}{}% 53
\BOOKMARK [1][-]{section*.56}{ Ocupados: educación primaria}{section*.55}% 54
\BOOKMARK [1][-]{section*.57}{ Ocupados: educación primaria y la rama de actividad}{section*.55}% 55
\BOOKMARK [1][-]{section*.58}{ Ocupados: educación primaria y la ocupación}{section*.55}% 56
\BOOKMARK [1][-]{section*.59}{\040Ocupados:\040IGSS\040y\040escolaridad}{section*.55}% 57
\BOOKMARK [1][-]{section*.60}{\040Ocupados:\040sector\040informal\040y\040escolaridad}{section*.55}% 58
\BOOKMARK [1][-]{section*.61}{\040Asalariados:\040contratos\040y\040escolaridad}{section*.55}% 59
\BOOKMARK [1][-]{section*.62}{\040Asalariados:\040bono\04014\040y\040escolaridad}{section*.55}% 60
\BOOKMARK [1][-]{section*.63}{\040Asalariados:\040aguinaldo\040y\040escolaridad}{section*.55}% 61
\BOOKMARK [1][-]{section*.64}{\040Escolaridad\040e\040ingresos}{section*.55}% 62
\BOOKMARK [1][-]{section*.65}{ Escolaridad e ingresos, según sexo}{section*.55}% 63
\BOOKMARK [1][-]{section*.66}{\040Desocupados\040y\040escolaridad}{section*.55}% 64
\BOOKMARK [0][-]{section*.67}{Niñez que labora y su escolaridad}{}% 65
\BOOKMARK [1][-]{section*.68}{\040Tasa\040de\040trabajo\040infantil}{section*.67}% 66
\BOOKMARK [1][-]{section*.69}{\040Tasa\040de\040trabajo\040infantil\040por\040sexo}{section*.67}% 67
\BOOKMARK [1][-]{section*.70}{\040Trabajo\040infantil\040y\040anpea\040por\040dominio\040de\040estudio}{section*.67}% 68
\BOOKMARK [1][-]{section*.71}{\040Trabajo\040infantil\040y\040escolaridad}{section*.67}% 69
\BOOKMARK [1][-]{section*.72}{\040Trabajo\040infantil,\040escolaridad\040y\040sexo}{section*.67}% 70
\BOOKMARK [1][-]{section*.73}{\040Trabajo\040infantil\040y\040escolaridad\040del\040jefe\040de\040hogar}{section*.67}% 71
\BOOKMARK [0][-]{section*.75}{Fecundidad y planificación familiar}{}% 72
\BOOKMARK [1][-]{section*.76}{\040TGF}{section*.75}% 73
\BOOKMARK [1][-]{section*.77}{ TGF según escolaridad}{section*.75}% 74
\BOOKMARK [1][-]{section*.78}{ TGF mujeres sin educación}{section*.75}% 75
\BOOKMARK [1][-]{section*.79}{ Primera relación sexual}{section*.75}% 76
\BOOKMARK [1][-]{section*.80}{ Primera relación sexual según escolaridad}{section*.75}% 77
\BOOKMARK [1][-]{section*.81}{\040Cantidad\040de\040hijos\040deseados\040y\040observados}{section*.75}% 78
\BOOKMARK [1][-]{section*.82}{ Cantidad de hijos deseados y observados según escolaridad}{section*.75}% 79
\BOOKMARK [1][-]{section*.83}{ Cantidad de hijos deseados y observados en mujeres sin educación}{section*.75}% 80
\BOOKMARK [1][-]{section*.84}{ Conocimiento de métodos anticonceptivos}{section*.75}% 81
\BOOKMARK [1][-]{section*.85}{ Conocimiento de métodos anticonceptivos según escolaridad}{section*.75}% 82
\BOOKMARK [1][-]{section*.86}{ Conocimiento de métodos anticonceptivos mujeres sin educación}{section*.75}% 83
\BOOKMARK [1][-]{section*.87}{ Uso de métodos anticonceptivos}{section*.75}% 84
\BOOKMARK [1][-]{section*.88}{ Uso de métodos anticonceptivos según escolaridad}{section*.75}% 85
\BOOKMARK [1][-]{section*.89}{ Uso de métodos anticonceptivos mujeres sin educación}{section*.75}% 86
\BOOKMARK [0][-]{section*.91}{Gasto\040de\040los\040hogares}{}% 87
\BOOKMARK [1][-]{section*.92}{ Gasto en educación}{section*.91}% 88
\BOOKMARK [1][-]{section*.93}{ Proporción de gasto en educación}{section*.91}% 89
\BOOKMARK [1][-]{section*.94}{ Gasto en educación según jefatura del hogar}{section*.91}% 90
\BOOKMARK [1][-]{section*.95}{ Gasto en educación según etnicidad}{section*.91}% 91
\BOOKMARK [1][-]{section*.96}{ Gasto en educación según nivel de pobreza}{section*.91}% 92
\BOOKMARK [1][-]{section*.97}{ Gasto en educación por área de residencia}{section*.91}% 93
\BOOKMARK [1][-]{section*.98}{ Gasto en educación en los departamentos}{section*.91}% 94
