\BOOKMARK [0][-]{section*.3}{Nombre del capítulo}{}% 1
\BOOKMARK [1][-]{section.1.1}{Chalecos}{section*.3}% 2
\BOOKMARK [1][-]{section*.4}{ Hoho en el índice}{section*.3}% 3
\BOOKMARK [1][-]{section*.5}{ Hoho en la sección}{section*.3}% 4
\BOOKMARK [1][-]{section*.6}{ Título de la sección}{section*.3}% 5
\BOOKMARK [1][-]{section*.7}{ Título de la sección}{section*.3}% 6
\BOOKMARK [1][-]{section*.8}{ Título de la sección}{section*.3}% 7
\BOOKMARK [1][-]{section*.9}{ Título de la sección}{section*.3}% 8
\BOOKMARK [1][-]{section*.10}{ Título de la sección}{section*.3}% 9
\BOOKMARK [1][-]{section*.11}{ Título de la sección}{section*.3}% 10
\BOOKMARK [1][-]{section*.12}{ Título de la sección}{section*.3}% 11
\BOOKMARK [1][-]{section*.13}{ Título de la sección}{section*.3}% 12
\BOOKMARK [1][-]{section*.14}{ Título de la sección}{section*.3}% 13
\BOOKMARK [1][-]{section*.15}{ Título de la sección}{section*.3}% 14
\BOOKMARK [1][-]{section*.16}{ Título de la sección}{section*.3}% 15
\BOOKMARK [1][-]{section*.17}{ Título de la sección}{section*.3}% 16
\BOOKMARK [1][-]{section*.18}{ Título de la sección}{section*.3}% 17
\BOOKMARK [1][-]{section*.19}{ Título de la sección}{section*.3}% 18
\BOOKMARK [1][-]{section*.20}{ Título de la sección}{section*.3}% 19
\BOOKMARK [1][-]{section*.21}{ Hoho en el índice}{section*.3}% 20
\BOOKMARK [0][-]{section*.22}{Capítulo dos}{}% 21
\BOOKMARK [1][-]{section*.23}{ Título de caja largo wiri wiri título de caja largo wiri wiri Título de caja largo wiri wiri }{section*.22}% 22
\BOOKMARK [1][-]{section*.24}{ Hoho en el índice}{section*.22}% 23
\BOOKMARK [0][-]{section*.26}{Otro capítulo}{}% 24
\BOOKMARK [1][-]{section*.27}{ Hoho en la sección}{section*.26}% 25
\BOOKMARK [1][-]{section*.28}{ Título de la sección}{section*.26}% 26
\BOOKMARK [1][-]{section*.29}{ Título de la sección}{section*.26}% 27
\BOOKMARK [1][-]{section*.30}{ Título de la sección}{section*.26}% 28
\BOOKMARK [1][-]{section*.31}{ Título de la sección}{section*.26}% 29
\BOOKMARK [1][-]{section*.32}{ Título de la sección}{section*.26}% 30
\BOOKMARK [1][-]{section*.33}{ Título de la sección}{section*.26}% 31
\BOOKMARK [1][-]{section*.34}{ Prueba de título largo}{section*.26}% 32
\BOOKMARK [1][-]{section*.35}{ Título de la sección}{section*.26}% 33
\BOOKMARK [1][-]{section*.36}{ Título de la sección}{section*.26}% 34
\BOOKMARK [1][-]{section*.37}{ Título de la sección}{section*.26}% 35
\BOOKMARK [1][-]{section*.37}{ Sección de prueba}{section*.26}% 36
\BOOKMARK [1][-]{section*.37}{ Sección de prueba}{section*.26}% 37
\BOOKMARK [1][-]{section*.38}{ Título de caja largo wiri wiri Título de caja largo wiri wiri Título de caja largo wiri wiri }{section*.26}% 38
