This is XeTeX, Version 3.14159265-2.6-0.99991 (TeX Live 2014/W32TeX) (preloaded format=xelatex 2014.10.14)  9 SEP 2015 19:03
entering extended mode
 restricted \write18 enabled.
 %&-line parsing enabled.
**DocPresentacion.tex
(./DocPresentacion.tex
LaTeX2e <2014/05/01>
Babel <3.9k> and hyphenation patterns for 78 languages loaded.
(./presentacion.tex (c:/texlive/2014/texmf-dist/tex/latex/beamer/beamer.cls
(c:/texlive/2014/texmf-dist/tex/latex/beamer/beamerbasercs.sty
Package: beamerbasercs 2013/12/25 (rcs-revision 31cc758a62ae)
)
Document Class: beamer 2013/12/02 3.33 A class for typesetting presentations (r
cs-revision 332bfd3ce558)
(c:/texlive/2014/texmf-dist/tex/latex/beamer/beamerbasemodes.sty
Package: beamerbasemodes 2013/09/03 (rcs-revision 768f2d98ca64)
\beamer@tempbox=\box26
\beamer@tempcount=\count80
\c@beamerpauses=\count81

(c:/texlive/2014/texmf-dist/tex/latex/beamer/beamerbasedecode.sty
Package: beamerbasedecode 2010/05/01 (rcs-revision efa082c6111d)
\beamer@slideinframe=\count82
\beamer@minimum=\count83
)
\beamer@commentbox=\box27
\beamer@modecount=\count84
)
(c:/texlive/2014/texmf-dist/tex/generic/oberdiek/ifpdf.sty
Package: ifpdf 2011/01/30 v2.3 Provides the ifpdf switch (HO)
Package ifpdf Info: pdfTeX in PDF mode is not detected.
)
\headheight=\dimen102
\headdp=\dimen103
\footheight=\dimen104
\sidebarheight=\dimen105
\beamer@tempdim=\dimen106
\beamer@finalheight=\dimen107
\beamer@animht=\dimen108
\beamer@animdp=\dimen109
\beamer@animwd=\dimen110
\beamer@leftmargin=\dimen111
\beamer@rightmargin=\dimen112
\beamer@leftsidebar=\dimen113
\beamer@rightsidebar=\dimen114
\beamer@boxsize=\dimen115
\beamer@vboxoffset=\dimen116
\beamer@descdefault=\dimen117
\beamer@descriptionwidth=\dimen118
\beamer@lastskip=\skip41
\beamer@areabox=\box28
\beamer@animcurrent=\box29
\beamer@animshowbox=\box30
\beamer@sectionbox=\box31
\beamer@logobox=\box32
\beamer@linebox=\box33
\beamer@sectioncount=\count85
\beamer@subsubsectionmax=\count86
\beamer@subsectionmax=\count87
\beamer@sectionmax=\count88
\beamer@totalheads=\count89
\beamer@headcounter=\count90
\beamer@partstartpage=\count91
\beamer@sectionstartpage=\count92
\beamer@subsectionstartpage=\count93
\beamer@animationtempa=\count94
\beamer@animationtempb=\count95
\beamer@xpos=\count96
\beamer@ypos=\count97
\beamer@showpartnumber=\count98
\beamer@currentsubsection=\count99
\beamer@coveringdepth=\count100
\beamer@sectionadjust=\count101
\beamer@tocsectionnumber=\count102

(c:/texlive/2014/texmf-dist/tex/latex/beamer/beamerbaseoptions.sty
Package: beamerbaseoptions 2013/03/10 (rcs-revision 47431932db0d)

(c:/texlive/2014/texmf-dist/tex/latex/graphics/keyval.sty
Package: keyval 2014/05/08 v1.15 key=value parser (DPC)
\KV@toks@=\toks14
))
\beamer@paperwidth=\skip42
\beamer@paperheight=\skip43

(c:/texlive/2014/texmf-dist/tex/latex/geometry/geometry.sty
Package: geometry 2010/09/12 v5.6 Page Geometry

(c:/texlive/2014/texmf-dist/tex/generic/oberdiek/ifvtex.sty
Package: ifvtex 2010/03/01 v1.5 Detect VTeX and its facilities (HO)
Package ifvtex Info: VTeX not detected.
)
(c:/texlive/2014/texmf-dist/tex/generic/ifxetex/ifxetex.sty
Package: ifxetex 2010/09/12 v0.6 Provides ifxetex conditional
)
\Gm@cnth=\count103
\Gm@cntv=\count104
\c@Gm@tempcnt=\count105
\Gm@bindingoffset=\dimen119
\Gm@wd@mp=\dimen120
\Gm@odd@mp=\dimen121
\Gm@even@mp=\dimen122
\Gm@layoutwidth=\dimen123
\Gm@layoutheight=\dimen124
\Gm@layouthoffset=\dimen125
\Gm@layoutvoffset=\dimen126
\Gm@dimlist=\toks15
)
(c:/texlive/2014/texmf-dist/tex/latex/base/size10.clo
File: size10.clo 2007/10/19 v1.4h Standard LaTeX file (size option)
)
(c:/texlive/2014/texmf-dist/tex/latex/pgf/basiclayer/pgfcore.sty
(c:/texlive/2014/texmf-dist/tex/latex/graphics/graphicx.sty
Package: graphicx 2014/04/25 v1.0g Enhanced LaTeX Graphics (DPC,SPQR)

(c:/texlive/2014/texmf-dist/tex/latex/graphics/graphics.sty
Package: graphics 2009/02/05 v1.0o Standard LaTeX Graphics (DPC,SPQR)

(c:/texlive/2014/texmf-dist/tex/latex/graphics/trig.sty
Package: trig 1999/03/16 v1.09 sin cos tan (DPC)
)
(c:/texlive/2014/texmf-dist/tex/latex/latexconfig/graphics.cfg
File: graphics.cfg 2010/04/23 v1.9 graphics configuration of TeX Live
)
Package graphics Info: Driver file: xetex.def on input line 91.

(c:/texlive/2014/texmf-dist/tex/xelatex/xetex-def/xetex.def
File: xetex.def 2014/04/28 v4.01 LaTeX color/graphics driver for XeTeX (RRM/JK)

))
\Gin@req@height=\dimen127
\Gin@req@width=\dimen128
)
(c:/texlive/2014/texmf-dist/tex/latex/pgf/systemlayer/pgfsys.sty
(c:/texlive/2014/texmf-dist/tex/latex/pgf/utilities/pgfrcs.sty
(c:/texlive/2014/texmf-dist/tex/generic/pgf/utilities/pgfutil-common.tex
\pgfutil@everybye=\toks16
\pgfutil@tempdima=\dimen129
\pgfutil@tempdimb=\dimen130

(c:/texlive/2014/texmf-dist/tex/generic/pgf/utilities/pgfutil-common-lists.tex)
) (c:/texlive/2014/texmf-dist/tex/generic/pgf/utilities/pgfutil-latex.def
\pgfutil@abb=\box34

(c:/texlive/2014/texmf-dist/tex/latex/ms/everyshi.sty
Package: everyshi 2001/05/15 v3.00 EveryShipout Package (MS)
))
(c:/texlive/2014/texmf-dist/tex/generic/pgf/utilities/pgfrcs.code.tex
Package: pgfrcs 2013/12/20 v3.0.0 (rcs-revision 1.28)
))
(c:/texlive/2014/texmf-dist/tex/generic/pgf/systemlayer/pgfsys.code.tex
Package: pgfsys 2013/11/30 v3.0.0 (rcs-revision 1.47)

(c:/texlive/2014/texmf-dist/tex/generic/pgf/utilities/pgfkeys.code.tex
\pgfkeys@pathtoks=\toks17
\pgfkeys@temptoks=\toks18

(c:/texlive/2014/texmf-dist/tex/generic/pgf/utilities/pgfkeysfiltered.code.tex
\pgfkeys@tmptoks=\toks19
))
\pgf@x=\dimen131
\pgf@y=\dimen132
\pgf@xa=\dimen133
\pgf@ya=\dimen134
\pgf@xb=\dimen135
\pgf@yb=\dimen136
\pgf@xc=\dimen137
\pgf@yc=\dimen138
\w@pgf@writea=\write3
\r@pgf@reada=\read1
\c@pgf@counta=\count106
\c@pgf@countb=\count107
\c@pgf@countc=\count108
\c@pgf@countd=\count109
\t@pgf@toka=\toks20
\t@pgf@tokb=\toks21
\t@pgf@tokc=\toks22
 (c:/texlive/2014/texmf-dist/tex/generic/pgf/systemlayer/pgf.cfg
File: pgf.cfg 2008/05/14  (rcs-revision 1.7)
)
Driver file for pgf: pgfsys-xetex.def

(c:/texlive/2014/texmf-dist/tex/generic/pgf/systemlayer/pgfsys-xetex.def
File: pgfsys-xetex.def 2013/07/16  (rcs-revision 1.9)

(c:/texlive/2014/texmf-dist/tex/generic/pgf/systemlayer/pgfsys-dvipdfmx.def
File: pgfsys-dvipdfmx.def 2013/08/28  (rcs-revision 1.12)

(c:/texlive/2014/texmf-dist/tex/generic/pgf/systemlayer/pgfsys-common-pdf.def
File: pgfsys-common-pdf.def 2013/10/10  (rcs-revision 1.13)
)
\pgfsys@objnum=\count110
)))
(c:/texlive/2014/texmf-dist/tex/generic/pgf/systemlayer/pgfsyssoftpath.code.tex
File: pgfsyssoftpath.code.tex 2013/09/09  (rcs-revision 1.9)
\pgfsyssoftpath@smallbuffer@items=\count111
\pgfsyssoftpath@bigbuffer@items=\count112
)
(c:/texlive/2014/texmf-dist/tex/generic/pgf/systemlayer/pgfsysprotocol.code.tex
File: pgfsysprotocol.code.tex 2006/10/16  (rcs-revision 1.4)
)) (c:/texlive/2014/texmf-dist/tex/latex/xcolor/xcolor.sty
Package: xcolor 2007/01/21 v2.11 LaTeX color extensions (UK)

(c:/texlive/2014/texmf-dist/tex/latex/latexconfig/color.cfg
File: color.cfg 2007/01/18 v1.5 color configuration of teTeX/TeXLive
)
Package xcolor Info: Driver file: xetex.def on input line 225.
Package xcolor Info: Model `cmy' substituted by `cmy0' on input line 1337.
Package xcolor Info: Model `RGB' extended on input line 1353.
Package xcolor Info: Model `HTML' substituted by `rgb' on input line 1355.
Package xcolor Info: Model `Hsb' substituted by `hsb' on input line 1356.
Package xcolor Info: Model `tHsb' substituted by `hsb' on input line 1357.
Package xcolor Info: Model `HSB' substituted by `hsb' on input line 1358.
Package xcolor Info: Model `Gray' substituted by `gray' on input line 1359.
Package xcolor Info: Model `wave' substituted by `hsb' on input line 1360.

(c:/texlive/2014/texmf-dist/tex/latex/graphics/dvipsnam.def
File: dvipsnam.def 2014/04/23 v3.0j Driver-dependant file (DPC,SPQR)
))
(c:/texlive/2014/texmf-dist/tex/generic/pgf/basiclayer/pgfcore.code.tex
Package: pgfcore 2010/04/11 v3.0.0 (rcs-revision 1.7)

(c:/texlive/2014/texmf-dist/tex/generic/pgf/math/pgfmath.code.tex
(c:/texlive/2014/texmf-dist/tex/generic/pgf/math/pgfmathcalc.code.tex
(c:/texlive/2014/texmf-dist/tex/generic/pgf/math/pgfmathutil.code.tex)
(c:/texlive/2014/texmf-dist/tex/generic/pgf/math/pgfmathparser.code.tex
\pgfmath@dimen=\dimen139
\pgfmath@count=\count113
\pgfmath@box=\box35
\pgfmath@toks=\toks23
\pgfmath@stack@operand=\toks24
\pgfmath@stack@operation=\toks25
)
(c:/texlive/2014/texmf-dist/tex/generic/pgf/math/pgfmathfunctions.code.tex
(c:/texlive/2014/texmf-dist/tex/generic/pgf/math/pgfmathfunctions.basic.code.te
x)
(c:/texlive/2014/texmf-dist/tex/generic/pgf/math/pgfmathfunctions.trigonometric
.code.tex)
(c:/texlive/2014/texmf-dist/tex/generic/pgf/math/pgfmathfunctions.random.code.t
ex)
(c:/texlive/2014/texmf-dist/tex/generic/pgf/math/pgfmathfunctions.comparison.co
de.tex)
(c:/texlive/2014/texmf-dist/tex/generic/pgf/math/pgfmathfunctions.base.code.tex
)
(c:/texlive/2014/texmf-dist/tex/generic/pgf/math/pgfmathfunctions.round.code.te
x)
(c:/texlive/2014/texmf-dist/tex/generic/pgf/math/pgfmathfunctions.misc.code.tex
)
(c:/texlive/2014/texmf-dist/tex/generic/pgf/math/pgfmathfunctions.integerarithm
etics.code.tex)))
(c:/texlive/2014/texmf-dist/tex/generic/pgf/math/pgfmathfloat.code.tex
\c@pgfmathroundto@lastzeros=\count114
))
(c:/texlive/2014/texmf-dist/tex/generic/pgf/basiclayer/pgfcorepoints.code.tex
File: pgfcorepoints.code.tex 2013/10/07  (rcs-revision 1.27)
\pgf@picminx=\dimen140
\pgf@picmaxx=\dimen141
\pgf@picminy=\dimen142
\pgf@picmaxy=\dimen143
\pgf@pathminx=\dimen144
\pgf@pathmaxx=\dimen145
\pgf@pathminy=\dimen146
\pgf@pathmaxy=\dimen147
\pgf@xx=\dimen148
\pgf@xy=\dimen149
\pgf@yx=\dimen150
\pgf@yy=\dimen151
\pgf@zx=\dimen152
\pgf@zy=\dimen153
)
(c:/texlive/2014/texmf-dist/tex/generic/pgf/basiclayer/pgfcorepathconstruct.cod
e.tex
File: pgfcorepathconstruct.code.tex 2013/10/07  (rcs-revision 1.29)
\pgf@path@lastx=\dimen154
\pgf@path@lasty=\dimen155
)
(c:/texlive/2014/texmf-dist/tex/generic/pgf/basiclayer/pgfcorepathusage.code.te
x
File: pgfcorepathusage.code.tex 2013/12/13  (rcs-revision 1.23)
\pgf@shorten@end@additional=\dimen156
\pgf@shorten@start@additional=\dimen157
)
(c:/texlive/2014/texmf-dist/tex/generic/pgf/basiclayer/pgfcorescopes.code.tex
File: pgfcorescopes.code.tex 2013/10/09  (rcs-revision 1.44)
\pgfpic=\box36
\pgf@hbox=\box37
\pgf@layerbox@main=\box38
\pgf@picture@serial@count=\count115
)
(c:/texlive/2014/texmf-dist/tex/generic/pgf/basiclayer/pgfcoregraphicstate.code
.tex
File: pgfcoregraphicstate.code.tex 2013/09/19  (rcs-revision 1.11)
\pgflinewidth=\dimen158
)
(c:/texlive/2014/texmf-dist/tex/generic/pgf/basiclayer/pgfcoretransformations.c
ode.tex
File: pgfcoretransformations.code.tex 2013/10/10  (rcs-revision 1.17)
\pgf@pt@x=\dimen159
\pgf@pt@y=\dimen160
\pgf@pt@temp=\dimen161
)
(c:/texlive/2014/texmf-dist/tex/generic/pgf/basiclayer/pgfcorequick.code.tex
File: pgfcorequick.code.tex 2008/10/09  (rcs-revision 1.3)
)
(c:/texlive/2014/texmf-dist/tex/generic/pgf/basiclayer/pgfcoreobjects.code.tex
File: pgfcoreobjects.code.tex 2006/10/11  (rcs-revision 1.2)
)
(c:/texlive/2014/texmf-dist/tex/generic/pgf/basiclayer/pgfcorepathprocessing.co
de.tex
File: pgfcorepathprocessing.code.tex 2013/09/09  (rcs-revision 1.9)
)
(c:/texlive/2014/texmf-dist/tex/generic/pgf/basiclayer/pgfcorearrows.code.tex
File: pgfcorearrows.code.tex 2013/11/07  (rcs-revision 1.40)
\pgfarrowsep=\dimen162
)
(c:/texlive/2014/texmf-dist/tex/generic/pgf/basiclayer/pgfcoreshade.code.tex
File: pgfcoreshade.code.tex 2013/07/15  (rcs-revision 1.15)
\pgf@max=\dimen163
\pgf@sys@shading@range@num=\count116
)
(c:/texlive/2014/texmf-dist/tex/generic/pgf/basiclayer/pgfcoreimage.code.tex
File: pgfcoreimage.code.tex 2013/07/15  (rcs-revision 1.18)

(c:/texlive/2014/texmf-dist/tex/generic/pgf/basiclayer/pgfcoreexternal.code.tex
File: pgfcoreexternal.code.tex 2013/07/15  (rcs-revision 1.20)
\pgfexternal@startupbox=\box39
))
(c:/texlive/2014/texmf-dist/tex/generic/pgf/basiclayer/pgfcorelayers.code.tex
File: pgfcorelayers.code.tex 2013/07/18  (rcs-revision 1.7)
)
(c:/texlive/2014/texmf-dist/tex/generic/pgf/basiclayer/pgfcoretransparency.code
.tex
File: pgfcoretransparency.code.tex 2013/09/30  (rcs-revision 1.5)
)
(c:/texlive/2014/texmf-dist/tex/generic/pgf/basiclayer/pgfcorepatterns.code.tex
File: pgfcorepatterns.code.tex 2013/11/07  (rcs-revision 1.5)
))) (c:/texlive/2014/texmf-dist/tex/latex/pgf/utilities/xxcolor.sty
Package: xxcolor 2003/10/24 ver 0.1
\XC@nummixins=\count117
\XC@countmixins=\count118
)
(c:/texlive/2014/texmf-dist/tex/generic/oberdiek/atbegshi.sty
Package: atbegshi 2011/10/05 v1.16 At begin shipout hook (HO)

(c:/texlive/2014/texmf-dist/tex/generic/oberdiek/infwarerr.sty
Package: infwarerr 2010/04/08 v1.3 Providing info/warning/error messages (HO)
)
(c:/texlive/2014/texmf-dist/tex/generic/oberdiek/ltxcmds.sty
Package: ltxcmds 2011/11/09 v1.22 LaTeX kernel commands for general use (HO)
))
(c:/texlive/2014/texmf-dist/tex/latex/hyperref/hyperref.sty
Package: hyperref 2012/11/06 v6.83m Hypertext links for LaTeX

(c:/texlive/2014/texmf-dist/tex/generic/oberdiek/hobsub-hyperref.sty
Package: hobsub-hyperref 2012/05/28 v1.13 Bundle oberdiek, subset hyperref (HO)


(c:/texlive/2014/texmf-dist/tex/generic/oberdiek/hobsub-generic.sty
Package: hobsub-generic 2012/05/28 v1.13 Bundle oberdiek, subset generic (HO)
Package: hobsub 2012/05/28 v1.13 Construct package bundles (HO)
Package hobsub Info: Skipping package `infwarerr' (already loaded).
Package hobsub Info: Skipping package `ltxcmds' (already loaded).
Package: ifluatex 2010/03/01 v1.3 Provides the ifluatex switch (HO)
Package ifluatex Info: LuaTeX not detected.
Package hobsub Info: Skipping package `ifvtex' (already loaded).
Package: intcalc 2007/09/27 v1.1 Expandable calculations with integers (HO)
Package hobsub Info: Skipping package `ifpdf' (already loaded).
Package: etexcmds 2011/02/16 v1.5 Avoid name clashes with e-TeX commands (HO)
Package etexcmds Info: Could not find \expanded.
(etexcmds)             That can mean that you are not using pdfTeX 1.50 or
(etexcmds)             that some package has redefined \expanded.
(etexcmds)             In the latter case, load this package earlier.
Package: kvsetkeys 2012/04/25 v1.16 Key value parser (HO)
Package: kvdefinekeys 2011/04/07 v1.3 Define keys (HO)
Package: pdftexcmds 2011/11/29 v0.20 Utility functions of pdfTeX for LuaTeX (HO
)
Package pdftexcmds Info: LuaTeX not detected.
Package pdftexcmds Info: pdfTeX >= 1.30 not detected.
Package pdftexcmds Info: \pdf@primitive is available.
Package pdftexcmds Info: \pdf@ifprimitive is available.
Package pdftexcmds Info: \pdfdraftmode not found.
Package: pdfescape 2011/11/25 v1.13 Implements pdfTeX's escape features (HO)
Package: bigintcalc 2012/04/08 v1.3 Expandable calculations on big integers (HO
)
Package: bitset 2011/01/30 v1.1 Handle bit-vector datatype (HO)
Package: uniquecounter 2011/01/30 v1.2 Provide unlimited unique counter (HO)
)
Package hobsub Info: Skipping package `hobsub' (already loaded).
Package: letltxmacro 2010/09/02 v1.4 Let assignment for LaTeX macros (HO)
Package: hopatch 2012/05/28 v1.2 Wrapper for package hooks (HO)
Package: xcolor-patch 2011/01/30 xcolor patch
Package: atveryend 2011/06/30 v1.8 Hooks at the very end of document (HO)
Package atveryend Info: \enddocument detected (standard20110627).
Package hobsub Info: Skipping package `atbegshi' (already loaded).
Package: refcount 2011/10/16 v3.4 Data extraction from label references (HO)
Package: hycolor 2011/01/30 v1.7 Color options for hyperref/bookmark (HO)
)
(c:/texlive/2014/texmf-dist/tex/latex/oberdiek/auxhook.sty
Package: auxhook 2011/03/04 v1.3 Hooks for auxiliary files (HO)
)
(c:/texlive/2014/texmf-dist/tex/latex/oberdiek/kvoptions.sty
Package: kvoptions 2011/06/30 v3.11 Key value format for package options (HO)
)
\@linkdim=\dimen164
\Hy@linkcounter=\count119
\Hy@pagecounter=\count120

(c:/texlive/2014/texmf-dist/tex/latex/hyperref/pd1enc.def
File: pd1enc.def 2012/11/06 v6.83m Hyperref: PDFDocEncoding definition (HO)
)
\Hy@SavedSpaceFactor=\count121

(c:/texlive/2014/texmf-dist/tex/latex/latexconfig/hyperref.cfg
File: hyperref.cfg 2002/06/06 v1.2 hyperref configuration of TeXLive
)
Package hyperref Info: Option `bookmarks' set `true' on input line 4319.
Package hyperref Info: Option `bookmarksopen' set `true' on input line 4319.
Package hyperref Info: Option `implicit' set `false' on input line 4319.
Package hyperref Info: Hyper figures OFF on input line 4443.
Package hyperref Info: Link nesting OFF on input line 4448.
Package hyperref Info: Hyper index ON on input line 4451.
Package hyperref Info: Plain pages OFF on input line 4458.
Package hyperref Info: Backreferencing OFF on input line 4463.
Package hyperref Info: Implicit mode OFF; no redefinition of LaTeX internals.
Package hyperref Info: Bookmarks ON on input line 4688.
\c@Hy@tempcnt=\count122

(c:/texlive/2014/texmf-dist/tex/latex/url/url.sty
\Urlmuskip=\muskip10
Package: url 2013/09/16  ver 3.4  Verb mode for urls, etc.
)
LaTeX Info: Redefining \url on input line 5041.
\XeTeXLinkMargin=\dimen165
\Fld@menulength=\count123
\Field@Width=\dimen166
\Fld@charsize=\dimen167
Package hyperref Info: Hyper figures OFF on input line 6295.
Package hyperref Info: Link nesting OFF on input line 6300.
Package hyperref Info: Hyper index ON on input line 6303.
Package hyperref Info: backreferencing OFF on input line 6310.
Package hyperref Info: Link coloring OFF on input line 6315.
Package hyperref Info: Link coloring with OCG OFF on input line 6320.
Package hyperref Info: PDF/A mode OFF on input line 6325.
LaTeX Info: Redefining \ref on input line 6365.
LaTeX Info: Redefining \pageref on input line 6369.
\Hy@abspage=\count124


Package hyperref Message: Stopped early.

)

Package hyperref Message: Driver (autodetected): hxetex.

(c:/texlive/2014/texmf-dist/tex/latex/hyperref/hxetex.def
File: hxetex.def 2012/11/06 v6.83m Hyperref driver for XeTeX

(c:/texlive/2014/texmf-dist/tex/latex/hyperref/puenc.def
File: puenc.def 2012/11/06 v6.83m Hyperref: PDF Unicode definition (HO)
)
(c:/texlive/2014/texmf-dist/tex/generic/oberdiek/stringenc.sty
Package: stringenc 2011/12/02 v1.10 Convert strings between diff. encodings (HO
)
)
\pdfm@box=\box40
\c@Hy@AnnotLevel=\count125
\HyField@AnnotCount=\count126
\Fld@listcount=\count127
\c@bookmark@seq@number=\count128

(c:/texlive/2014/texmf-dist/tex/latex/oberdiek/rerunfilecheck.sty
Package: rerunfilecheck 2011/04/15 v1.7 Rerun checks for auxiliary files (HO)
Package rerunfilecheck Info: Feature \pdfmdfivesum is not available
(rerunfilecheck)             (e.g. pdfTeX or LuaTeX with package `pdftexcmds').

(rerunfilecheck)             Therefore file contents cannot be checked efficien
tly
(rerunfilecheck)             and the loading of the package is aborted.
))
(c:/texlive/2014/texmf-dist/tex/generic/oberdiek/se-ascii-print.def
File: se-ascii-print.def 2011/12/02 v1.10 stringenc: Printable ASCII characters

)
(c:/texlive/2014/texmf-dist/tex/latex/beamer/beamerbaserequires.sty
Package: beamerbaserequires 2010/05/01  (rcs-revision efa082c6111d)

(c:/texlive/2014/texmf-dist/tex/latex/beamer/beamerbasecompatibility.sty
Package: beamerbasecompatibility 2012/05/01  (rcs-revision 67c48b3b652d)
)
(c:/texlive/2014/texmf-dist/tex/latex/beamer/beamerbasefont.sty
Package: beamerbasefont 2013/10/18  (rcs-revision 72f39e01808a)

(c:/texlive/2014/texmf-dist/tex/latex/amsfonts/amssymb.sty
Package: amssymb 2013/01/14 v3.01 AMS font symbols

(c:/texlive/2014/texmf-dist/tex/latex/amsfonts/amsfonts.sty
Package: amsfonts 2013/01/14 v3.01 Basic AMSFonts support
\@emptytoks=\toks26
\symAMSa=\mathgroup4
\symAMSb=\mathgroup5
LaTeX Font Info:    Overwriting math alphabet `\mathfrak' in version `bold'
(Font)                  U/euf/m/n --> U/euf/b/n on input line 106.
))
(c:/texlive/2014/texmf-dist/tex/latex/sansmathaccent/sansmathaccent.sty
Package: sansmathaccent 2013/03/28

(c:/texlive/2014/texmf-dist/tex/latex/filehook/filehook.sty
Package: filehook 2011/10/12 v0.5d Hooks for input files
)))
(c:/texlive/2014/texmf-dist/tex/latex/beamer/beamerbasetranslator.sty
Package: beamerbasetranslator 2010/06/11  (rcs-revision 85fd1cc7fc42)

(c:/texlive/2014/texmf-dist/tex/latex/beamer/translator/translator.sty
Package: translator 2010/06/12 ver 1.10

(c:/texlive/2014/texmf-dist/tex/latex/beamer/translator/translator-language-map
pings.tex))) (c:/texlive/2014/texmf-dist/tex/latex/beamer/beamerbasemisc.sty
Package: beamerbasemisc 2013/09/03  (rcs-revision a55719c41d85)
)
(c:/texlive/2014/texmf-dist/tex/latex/beamer/beamerbasetwoscreens.sty
Package: beamerbasetwoscreens 2010/05/01  (rcs-revision efa082c6111d)
)
(c:/texlive/2014/texmf-dist/tex/latex/beamer/beamerbaseoverlay.sty
Package: beamerbaseoverlay 2013/12/25  (rcs-revision f6bd5e3805da)
\beamer@argscount=\count129
\beamer@lastskipcover=\skip44
\beamer@trivlistdepth=\count130
)
(c:/texlive/2014/texmf-dist/tex/latex/beamer/beamerbasetitle.sty
Package: beamerbasetitle 2010/09/21  (rcs-revision f0446ed0b6ae)
)
(c:/texlive/2014/texmf-dist/tex/latex/beamer/beamerbasesection.sty
Package: beamerbasesection 2013/06/07  (rcs-revision 60b9fe0f342f)
\c@lecture=\count131
\c@part=\count132
\c@section=\count133
\c@subsection=\count134
\c@subsubsection=\count135
)
(c:/texlive/2014/texmf-dist/tex/latex/beamer/beamerbaseframe.sty
Package: beamerbaseframe 2013/10/02  (rcs-revision cdc8e9a3aaac)
\beamer@framebox=\box41
\beamer@frametitlebox=\box42
\beamer@zoombox=\box43
\beamer@zoomcount=\count136
\beamer@zoomframecount=\count137
\beamer@frametextheight=\dimen168
\c@subsectionslide=\count138
\beamer@frametopskip=\skip45
\beamer@framebottomskip=\skip46
\beamer@frametopskipautobreak=\skip47
\beamer@framebottomskipautobreak=\skip48
\beamer@envbody=\toks27
\framewidth=\dimen169
\c@framenumber=\count139
)
(c:/texlive/2014/texmf-dist/tex/latex/beamer/beamerbaseverbatim.sty
Package: beamerbaseverbatim 2012/08/30  (rcs-revision dfdb135076b3)
\beamer@verbatimfileout=\write4
)
(c:/texlive/2014/texmf-dist/tex/latex/beamer/beamerbaseframesize.sty
Package: beamerbaseframesize 2011/09/12  (rcs-revision 70f9d8411e54)
\beamer@splitbox=\box44
\beamer@autobreakcount=\count140
\beamer@autobreaklastheight=\dimen170
\beamer@frametitletoks=\toks28
\beamer@framesubtitletoks=\toks29
)
(c:/texlive/2014/texmf-dist/tex/latex/beamer/beamerbaseframecomponents.sty
Package: beamerbaseframecomponents 2013/10/18  (rcs-revision 5cf6c5555a45)
\beamer@footins=\box45
)
(c:/texlive/2014/texmf-dist/tex/latex/beamer/beamerbasecolor.sty
Package: beamerbasecolor 2010/06/06  (rcs-revision d1a9b48be06d)
)
(c:/texlive/2014/texmf-dist/tex/latex/beamer/beamerbasenotes.sty
Package: beamerbasenotes 2012/12/19  (rcs-revision 1686da3db3c9)
\beamer@frameboxcopy=\box46
)
(c:/texlive/2014/texmf-dist/tex/latex/beamer/beamerbasetoc.sty
Package: beamerbasetoc 2013/05/23  (rcs-revision 0fdf5bc43be8)
)
(c:/texlive/2014/texmf-dist/tex/latex/beamer/beamerbasetemplates.sty
Package: beamerbasetemplates 2010/05/01  (rcs-revision efa082c6111d)
\beamer@sbttoks=\toks30

(c:/texlive/2014/texmf-dist/tex/latex/beamer/beamerbaseauxtemplates.sty
Package: beamerbaseauxtemplates 2013/09/04  (rcs-revision 4ac715c499d0)

(c:/texlive/2014/texmf-dist/tex/latex/beamer/beamerbaseboxes.sty
Package: beamerbaseboxes 2012/05/13  (rcs-revision 56972908a390)
\bmb@box=\box47
\bmb@colorbox=\box48
\bmb@boxshadow=\box49
\bmb@boxshadowball=\box50
\bmb@boxshadowballlarge=\box51
\bmb@temp=\dimen171
\bmb@dima=\dimen172
\bmb@dimb=\dimen173
\bmb@prevheight=\dimen174
)
\beamer@blockheadheight=\dimen175
))
(c:/texlive/2014/texmf-dist/tex/latex/beamer/beamerbaselocalstructure.sty
Package: beamerbaselocalstructure 2013/09/04  (rcs-revision 4ac715c499d0)

(c:/texlive/2014/texmf-dist/tex/latex/tools/enumerate.sty
Package: enumerate 1999/03/05 v3.00 enumerate extensions (DPC)
\@enLab=\toks31
)
\c@figure=\count141
\c@table=\count142
\abovecaptionskip=\skip49
\belowcaptionskip=\skip50
)
(c:/texlive/2014/texmf-dist/tex/latex/beamer/beamerbasenavigation.sty
Package: beamerbasenavigation 2013/10/05  (rcs-revision 62be157fe783)
\beamer@section@min@dim=\dimen176
)
(c:/texlive/2014/texmf-dist/tex/latex/beamer/beamerbasetheorems.sty
Package: beamerbasetheorems 2010/06/06  (rcs-revision 7e7cc5e53e9d)

(c:/texlive/2014/texmf-dist/tex/latex/amsmath/amsmath.sty
Package: amsmath 2013/01/14 v2.14 AMS math features
\@mathmargin=\skip51

For additional information on amsmath, use the `?' option.
(c:/texlive/2014/texmf-dist/tex/latex/amsmath/amstext.sty
Package: amstext 2000/06/29 v2.01

(c:/texlive/2014/texmf-dist/tex/latex/amsmath/amsgen.sty
File: amsgen.sty 1999/11/30 v2.0
\@emptytoks=\toks32
\ex@=\dimen177
))
(c:/texlive/2014/texmf-dist/tex/latex/amsmath/amsbsy.sty
Package: amsbsy 1999/11/29 v1.2d
\pmbraise@=\dimen178
)
(c:/texlive/2014/texmf-dist/tex/latex/amsmath/amsopn.sty
Package: amsopn 1999/12/14 v2.01 operator names
)
\inf@bad=\count143
LaTeX Info: Redefining \frac on input line 210.
\uproot@=\count144
\leftroot@=\count145
LaTeX Info: Redefining \overline on input line 306.
\classnum@=\count146
\DOTSCASE@=\count147
LaTeX Info: Redefining \ldots on input line 378.
LaTeX Info: Redefining \dots on input line 381.
LaTeX Info: Redefining \cdots on input line 466.
\Mathstrutbox@=\box52
\strutbox@=\box53
\big@size=\dimen179
LaTeX Font Info:    Redeclaring font encoding OML on input line 566.
LaTeX Font Info:    Redeclaring font encoding OMS on input line 567.
\macc@depth=\count148
\c@MaxMatrixCols=\count149
\dotsspace@=\muskip11
\c@parentequation=\count150
\dspbrk@lvl=\count151
\tag@help=\toks33
\row@=\count152
\column@=\count153
\maxfields@=\count154
\andhelp@=\toks34
\eqnshift@=\dimen180
\alignsep@=\dimen181
\tagshift@=\dimen182
\tagwidth@=\dimen183
\totwidth@=\dimen184
\lineht@=\dimen185
\@envbody=\toks35
\multlinegap=\skip52
\multlinetaggap=\skip53
\mathdisplay@stack=\toks36
LaTeX Info: Redefining \[ on input line 2665.
LaTeX Info: Redefining \] on input line 2666.
)
(c:/texlive/2014/texmf-dist/tex/latex/amscls/amsthm.sty
Package: amsthm 2004/08/06 v2.20
\thm@style=\toks37
\thm@bodyfont=\toks38
\thm@headfont=\toks39
\thm@notefont=\toks40
\thm@headpunct=\toks41
\thm@preskip=\skip54
\thm@postskip=\skip55
\thm@headsep=\skip56
\dth@everypar=\toks42
)
\c@theorem=\count155
)
(c:/texlive/2014/texmf-dist/tex/latex/beamer/beamerbasethemes.sty
Package: beamerbasethemes 2010/05/01  (rcs-revision efa082c6111d)
))
(c:/texlive/2014/texmf-dist/tex/latex/beamer/themes/theme/beamerthemedefault.st
y
Package: beamerthemedefault 2010/06/17  (rcs-revision d02a7cf4d8ae)

(c:/texlive/2014/texmf-dist/tex/latex/beamer/themes/font/beamerfontthemedefault
.sty
Package: beamerfontthemedefault 2012/12/19  (rcs-revision 1686da3db3c9)
)
(c:/texlive/2014/texmf-dist/tex/latex/beamer/themes/color/beamercolorthemedefau
lt.sty
Package: beamercolorthemedefault 2012/12/19  (rcs-revision 1686da3db3c9)
)
(c:/texlive/2014/texmf-dist/tex/latex/beamer/themes/inner/beamerinnerthemedefau
lt.sty
Package: beamerinnerthemedefault 2013/10/15  (rcs-revision 65cb471f9634)
\beamer@dima=\dimen186
\beamer@dimb=\dimen187
)
(c:/texlive/2014/texmf-dist/tex/latex/beamer/themes/outer/beamerouterthemedefau
lt.sty
Package: beamerouterthemedefault 2012/12/19  (rcs-revision 1686da3db3c9)
)))
(c:/texlive/2014/texmf-dist/tex/latex/beamer/themes/inner/beamerinnerthemerecta
ngles.sty
Package: beamerinnerthemerectangles 2010/06/17  (rcs-revision d02a7cf4d8ae)
)
(c:/texlive/2014/texmf-dist/tex/latex/beamer/themes/outer/beamerouterthemeinfol
ines.sty
Package: beamerouterthemeinfolines 2012/10/16  (rcs-revision 51a8c72084af)
) (c:/texlive/2014/texmf-dist/tex/generic/genmisc/default.sty
1.3 13/7/98
    DEFAULT.STY version 1.3 July 1998 By Z Jiang
    University of New England, Australia
    Email: zhuhan@neumann.une.edu.au
)
(c:/texlive/2014/texmf-dist/tex/latex/beamer/themes/color/beamercolorthemestruc
ture.sty
Package: beamercolorthemestructure 2010/06/17  (rcs-revision d02a7cf4d8ae)
) (c:/texlive/2014/texmf-dist/tex/latex/pdfpages/pdfpages.sty
Package: pdfpages 2013/08/25 v0.4v Insert pages of external PDF documents (AM)

(c:/texlive/2014/texmf-dist/tex/latex/base/ifthen.sty
Package: ifthen 2001/05/26 v1.1c Standard LaTeX ifthen package (DPC)
)
(c:/texlive/2014/texmf-dist/tex/latex/tools/calc.sty
Package: calc 2007/08/22 v4.3 Infix arithmetic (KKT,FJ)
\calc@Acount=\count161
\calc@Bcount=\count162
\calc@Adimen=\dimen191
\calc@Bdimen=\dimen192
\calc@Askip=\skip57
\calc@Bskip=\skip58
LaTeX Info: Redefining \setlength on input line 75.
LaTeX Info: Redefining \addtolength on input line 76.
\calc@Ccount=\count163
\calc@Cskip=\skip59
)
(c:/texlive/2014/texmf-dist/tex/latex/eso-pic/eso-pic.sty
Package: eso-pic 2013/10/06 v2.0d eso-pic (RN)
)
(c:/texlive/2014/texmf-dist/tex/latex/pdfpages/ppxetex.def
File: ppxetex.def 2013/08/25 v0.4v Pdfpages driver for XeTeX (AM)
)
\AM@pagebox=\box57
\AM@toc@title=\toks55
\c@AM@survey=\count164
\AM@templatesizebox=\box58
)
(c:/texlive/2014/texmf-dist/tex/latex/setspace/setspace.sty
Package: setspace 2011/12/19 v6.7a set line spacing
)
(c:/texlive/2014/texmf-dist/tex/latex/xltxtra/xltxtra.sty
Package: xltxtra 2010/09/20 v0.5e Improvements for the "XeLaTeX" format

(c:/texlive/2014/texmf-dist/tex/latex/fontspec/fontspec.sty
Package: fontspec 2013/05/20 v2.3c Font selection for XeLaTeX and LuaLaTeX

(c:/texlive/2014/texmf-dist/tex/latex/l3kernel/expl3.sty
Package: expl3 2014/05/20 v4814 L3 programming layer (loader) 

(c:/texlive/2014/texmf-dist/tex/latex/l3kernel/expl3-code.tex
Package: expl3 2014/05/20 v4814 L3 programming layer (code) 
L3 Module: l3bootstrap 2014/05/16 v4782 L3 Bootstrap code

(c:/texlive/2014/texmf-dist/tex/latex/etex-pkg/etex.sty
Package: etex 1998/03/26 v2.0 eTeX basic definition package (PEB)
\et@xins=\count165
)
L3 Module: l3names 2014/05/04 v4728 L3 Namespace for primitives
L3 Module: l3basics 2014/05/04 v4728 L3 Basic definitions
L3 Module: l3expan 2014/04/30 v4712 L3 Argument expansion
L3 Module: l3tl 2014/05/04 v4728 L3 Token lists
L3 Module: l3seq 2014/04/30 v4712 L3 Sequences and stacks
L3 Module: l3int 2014/05/16 v4776 L3 Integers
\c_max_int=\count166
\l_tmpa_int=\count167
\l_tmpb_int=\count168
\g_tmpa_int=\count169
\g_tmpb_int=\count170
L3 Module: l3quark 2014/05/04 v4728 L3 Quarks
L3 Module: l3prg 2014/05/04 v4728 L3 Control structures
\g__prg_map_int=\count171
L3 Module: l3clist 2014/05/04 v4728 L3 Comma separated lists
L3 Module: l3token 2014/05/04 v4728 L3 Experimental token manipulation
L3 Module: l3prop 2014/04/30 v4712 L3 Property lists
L3 Module: l3msg 2014/05/04 v4728 L3 Messages
L3 Module: l3file 2014/05/05 v4737 L3 File and I/O operations
\l_iow_line_count_int=\count172
\l__iow_target_count_int=\count173
\l__iow_current_line_int=\count174
\l__iow_current_word_int=\count175
\l__iow_current_indentation_int=\count176
L3 Module: l3skip 2014/05/05 v4738 L3 Dimensions and skips
\c_zero_dim=\dimen193
\c_max_dim=\dimen194
\l_tmpa_dim=\dimen195
\l_tmpb_dim=\dimen196
\g_tmpa_dim=\dimen197
\g_tmpb_dim=\dimen198
\c_zero_skip=\skip60
\c_max_skip=\skip61
\l_tmpa_skip=\skip62
\l_tmpb_skip=\skip63
\g_tmpa_skip=\skip64
\g_tmpb_skip=\skip65
\c_zero_muskip=\muskip12
\c_max_muskip=\muskip13
\l_tmpa_muskip=\muskip14
\l_tmpb_muskip=\muskip15
\g_tmpa_muskip=\muskip16
\g_tmpb_muskip=\muskip17
L3 Module: l3keys 2014/05/08 v4753 L3 Key-value interfaces
\g__keyval_level_int=\count177
\l_keys_choice_int=\count178
L3 Module: l3fp 2014/04/30 v4712 L3 Floating points
\c__fp_leading_shift_int=\count179
\c__fp_middle_shift_int=\count180
\c__fp_trailing_shift_int=\count181
\c__fp_big_leading_shift_int=\count182
\c__fp_big_middle_shift_int=\count183
\c__fp_big_trailing_shift_int=\count184
\c__fp_Bigg_leading_shift_int=\count185
\c__fp_Bigg_middle_shift_int=\count186
\c__fp_Bigg_trailing_shift_int=\count187
L3 Module: l3box 2014/05/04 v4728 L3 Experimental boxes
\c_empty_box=\box59
\l_tmpa_box=\box60
\l_tmpb_box=\box61
\g_tmpa_box=\box62
\g_tmpb_box=\box63
L3 Module: l3coffins 2014/05/04 v4728 L3 Coffin code layer
\l__coffin_internal_box=\box64
\l__coffin_internal_dim=\dimen199
\l__coffin_offset_x_dim=\dimen200
\l__coffin_offset_y_dim=\dimen201
Normal \dimen register pool exhausted, switching to extended pool.
\l__coffin_x_dim=\dimen256
\l__coffin_y_dim=\dimen257
\l__coffin_x_prime_dim=\dimen258
\l__coffin_y_prime_dim=\dimen259
\c_empty_coffin=\box65
\l__coffin_aligned_coffin=\box66
\l__coffin_aligned_internal_coffin=\box67
\l_tmpa_coffin=\box68
\l_tmpb_coffin=\box69
\l__coffin_display_coffin=\box70
\l__coffin_display_coord_coffin=\box71
\l__coffin_display_pole_coffin=\box72
\l__coffin_display_offset_dim=\dimen260
\l__coffin_display_x_dim=\dimen261
\l__coffin_display_y_dim=\dimen262
L3 Module: l3color 2014/04/30 v4712 L3 Experimental color support
L3 Module: l3luatex 2014/04/30 v4712 L3 Experimental LuaTeX-specific functions
\g__cctab_allocate_int=\count188
\g__cctab_stack_int=\count189
L3 Module: l3candidates 2014/05/04 v4734 L3 Experimental additions to l3kernel
\l__box_top_dim=\dimen263
\l__box_bottom_dim=\dimen264
\l__box_left_dim=\dimen265
\l__box_right_dim=\dimen266
\l__box_top_new_dim=\dimen267
\l__box_bottom_new_dim=\dimen268
\l__box_left_new_dim=\dimen269
\l__box_right_new_dim=\dimen270
\l__box_internal_box=\box73
\l__coffin_bounding_shift_dim=\dimen271
\l__coffin_left_corner_dim=\dimen272
\l__coffin_right_corner_dim=\dimen273
\l__coffin_bottom_corner_dim=\dimen274
\l__coffin_top_corner_dim=\dimen275
\l__coffin_scaled_total_height_dim=\dimen276
\l__coffin_scaled_width_dim=\dimen277
))
(c:/texlive/2014/texmf-dist/tex/latex/l3packages/xparse/xparse.sty
Package: xparse 2014/05/05 v4740 L3 Experimental document command parser
\l__xparse_current_arg_int=\count190
\l__xparse_m_args_int=\count191
\l__xparse_mandatory_args_int=\count192
\l__xparse_processor_int=\count193
\l__xparse_v_nesting_int=\count194
)
\l_fontspec_script_int=\count195
\l_fontspec_language_int=\count196
\l_fontspec_strnum_int=\count197
\l_fontspec_tmpa_dim=\dimen278
\l_fontspec_tmpb_dim=\dimen279
\l_fontspec_tmpc_dim=\dimen280
Variant \tl_gset:cV already defined; not changing it on line 69

(c:/texlive/2014/texmf-dist/tex/latex/fontspec/fontspec-patches.sty
Package: fontspec-patches 2013/05/20 v2.3c Font selection for XeLaTeX and LuaLa
TeX

(c:/texlive/2014/texmf-dist/tex/latex/base/fixltx2e.sty
Package: fixltx2e 2014/05/13 v1.1q fixes to LaTeX
LaTeX Info: Redefining \em on input line 429.
LaTeX Info: The control sequence `\[' is already robust on input line 480.
LaTeX Info: The control sequence `\]' is already robust on input line 481.
)
LaTeX Info: Redefining \em on input line 22.
LaTeX Info: Redefining \emph on input line 30.
LaTeX Info: Redefining \- on input line 33.

*************************************************
* LaTeX warning: "xparse/redefine-command"
* 
* Redefining document command \oldstylenums with arg. spec. 'm' on line 128.
*************************************************
.................................................
. LaTeX info: "xparse/define-command"
. 
. Defining document command \liningnums with arg. spec. 'm' on line 132.
.................................................
) (c:/texlive/2014/texmf-dist/tex/latex/fontspec/fontspec-xetex.sty
Package: fontspec-xetex 2013/05/20 v2.3c Font selection for XeLaTeX and LuaLaTe
X

(c:/texlive/2014/texmf-dist/tex/latex/base/fontenc.sty
Package: fontenc 2005/09/27 v1.99g Standard LaTeX package

(c:/texlive/2014/texmf-dist/tex/latex/euenc/eu1enc.def
File: eu1enc.def 2010/05/27 v0.1h Experimental Unicode font encodings
)
LaTeX Font Info:    Try loading font information for EU1+lmr on input line 100.


(c:/texlive/2014/texmf-dist/tex/latex/euenc/eu1lmr.fd
File: eu1lmr.fd 2009/10/30 v1.6 Font defs for Latin Modern
))
(c:/texlive/2014/texmf-dist/tex/xelatex/xunicode/xunicode.sty
File: xunicode.sty 2011/09/09 v0.981 provides access to latin accents and many 
other characters in Unicode lower plane

(c:/texlive/2014/texmf-dist/tex/latex/tipa/t3enc.def
File: t3enc.def 2001/12/31 T3 encoding
LaTeX Font Info:    Try loading font information for EU1+lmss on input line 357
.

(c:/texlive/2014/texmf-dist/tex/latex/euenc/eu1lmss.fd
File: eu1lmss.fd 2009/10/30 v1.6 Font defs for Latin Modern
))
\tipaTiiicode=\count198
\tipasavetokens=\toks56
\tipachecktokens=\toks57
)
.................................................
. LaTeX info: "xparse/define-command"
. 
. Defining document command \fontspec with arg. spec. 'O{}m' on line 41.
.................................................
.................................................
. LaTeX info: "xparse/define-command"
. 
. Defining document command \setmainfont with arg. spec. 'O{}m' on line 46.
.................................................
.................................................
. LaTeX info: "xparse/define-command"
. 
. Defining document command \setsansfont with arg. spec. 'O{}m' on line 51.
.................................................
.................................................
. LaTeX info: "xparse/define-command"
. 
. Defining document command \setmonofont with arg. spec. 'O{}m' on line 56.
.................................................
.................................................
. LaTeX info: "xparse/define-command"
. 
. Defining document command \setmathrm with arg. spec. 'O{}m' on line 65.
.................................................
.................................................
. LaTeX info: "xparse/define-command"
. 
. Defining document command \setboldmathrm with arg. spec. 'O{}m' on line 69.
.................................................
.................................................
. LaTeX info: "xparse/define-command"
. 
. Defining document command \setmathsf with arg. spec. 'O{}m' on line 73.
.................................................
.................................................
. LaTeX info: "xparse/define-command"
. 
. Defining document command \setmathtt with arg. spec. 'O{}m' on line 77.
.................................................
.................................................
. LaTeX info: "xparse/define-command"
. 
. Defining document command \newfontfamily with arg. spec. 'mO{}m' on line 96.
.................................................
.................................................
. LaTeX info: "xparse/define-command"
. 
. Defining document command \newfontface with arg. spec. 'mO{}m' on line 100.
.................................................
.................................................
. LaTeX info: "xparse/define-command"
. 
. Defining document command \defaultfontfeatures with arg. spec. 'om' on line
. 108.
.................................................
.................................................
. LaTeX info: "xparse/define-command"
. 
. Defining document command \addfontfeatures with arg. spec. 'm' on line 144.
.................................................
.................................................
. LaTeX info: "xparse/define-command"
. 
. Defining document command \newfontfeature with arg. spec. 'mm' on line 156.
.................................................
.................................................
. LaTeX info: "xparse/define-command"
. 
. Defining document command \newAATfeature with arg. spec. 'mmmm' on line 164.
.................................................
.................................................
. LaTeX info: "xparse/define-command"
. 
. Defining document command \newICUfeature with arg. spec. 'mmm' on line 172.
.................................................
.................................................
. LaTeX info: "xparse/define-command"
. 
. Defining document command \aliasfontfeature with arg. spec. 'mm' on line
. 201.
.................................................
.................................................
. LaTeX info: "xparse/define-command"
. 
. Defining document command \aliasfontfeatureoption with arg. spec. 'mmm' on
. line 203.
.................................................
.................................................
. LaTeX info: "xparse/define-command"
. 
. Defining document command \newfontscript with arg. spec. 'mm' on line 208.
.................................................
.................................................
. LaTeX info: "xparse/define-command"
. 
. Defining document command \newfontlanguage with arg. spec. 'mm' on line 235.
.................................................
.................................................
. LaTeX info: "xparse/define-command"
. 
. Defining document command \DeclareFontsExtensions with arg. spec. 'm' on
. line 256.
.................................................
Variant \prop_gput:cnV already defined; not changing it on line 582
Variant \prop_gput:cnx already defined; not changing it on line 583
\l_fontspec_tmp_int=\count199
LaTeX Info: Redefining \itshape on input line 2087.
LaTeX Info: Redefining \slshape on input line 2092.
LaTeX Info: Redefining \scshape on input line 2097.
LaTeX Info: Redefining \upshape on input line 2102.

(c:/texlive/2014/texmf-dist/tex/latex/fontspec/fontspec.cfg)))
(c:/texlive/2014/texmf-dist/tex/latex/realscripts/realscripts.sty
Package: realscripts 2013/03/18 v0.3c Access OpenType subscripts and superscrip
ts
.................................................
. LaTeX info: "xparse/define-command"
. 
. Defining document command \fakesubscript with arg. spec. 'm' on line 19.
.................................................
.................................................
. LaTeX info: "xparse/define-command"
. 
. Defining document command \fakesuperscript with arg. spec. 'm' on line 22.
.................................................

*************************************************
* LaTeX warning: "xparse/redefine-command"
* 
* Redefining document command \textsubscript with arg. spec. 's' on line 25.
*************************************************
*************************************************
* LaTeX warning: "xparse/redefine-command"
* 
* Redefining document command \textsuperscript with arg. spec. 's' on line 28.
*************************************************
.................................................
. LaTeX info: "xparse/define-command"
. 
. Defining document command \realsubscript with arg. spec. 'm' on line 45.
.................................................
.................................................
. LaTeX info: "xparse/define-command"
. 
. Defining document command \realsuperscript with arg. spec. 'm' on line 60.
.................................................
.................................................
. LaTeX info: "xparse/define-command"
. 
. Defining document command \textsubsuperscript with arg. spec. 'sO{l}mm' on
. line 138.
.................................................
.................................................
. LaTeX info: "xparse/define-command"
. 
. Defining document command \textsupersubscript with arg. spec. 'sO{l}mm' on
. line 143.
.................................................
\subsupersep=\dimen281
) (c:/texlive/2014/texmf-dist/tex/latex/metalogo/metalogo.sty
Package: metalogo 2010/05/29 v0.12 Extended TeX logo macros
\xl@everylogo=\toks58
\xl@@everylogo=\toks59
LaTeX Info: Redefining \TeX on input line 193.
LaTeX Info: Redefining \LaTeX on input line 202.
LaTeX Info: Redefining \LaTeXe on input line 219.
)
\xxt@tempbox=\box74
)
(c:/texlive/2014/texmf-dist/tex/latex/enumitem/enumitem.sty
Package: enumitem 2011/09/28 v3.5.2 Customized lists
\labelindent=\skip66
\enit@outerparindent=\dimen282
\enit@toks=\toks60
\enit@inbox=\box75
\enitdp@description=\count200
)
(c:/texlive/2014/texmf-dist/tex/latex/pgf/frontendlayer/tikz.sty
(c:/texlive/2014/texmf-dist/tex/latex/pgf/basiclayer/pgf.sty
Package: pgf 2013/12/18 v3.0.0 (rcs-revision 1.14)

(c:/texlive/2014/texmf-dist/tex/generic/pgf/modules/pgfmoduleshapes.code.tex
File: pgfmoduleshapes.code.tex 2013/10/31  (rcs-revision 1.34)
\pgfnodeparttextbox=\box76
)
(c:/texlive/2014/texmf-dist/tex/generic/pgf/modules/pgfmoduleplot.code.tex
File: pgfmoduleplot.code.tex 2013/07/31  (rcs-revision 1.12)
)
(c:/texlive/2014/texmf-dist/tex/latex/pgf/compatibility/pgfcomp-version-0-65.st
y
Package: pgfcomp-version-0-65 2007/07/03 v3.0.0 (rcs-revision 1.7)
\pgf@nodesepstart=\dimen283
\pgf@nodesepend=\dimen284
)
(c:/texlive/2014/texmf-dist/tex/latex/pgf/compatibility/pgfcomp-version-1-18.st
y
Package: pgfcomp-version-1-18 2007/07/23 v3.0.0 (rcs-revision 1.1)
)) (c:/texlive/2014/texmf-dist/tex/latex/pgf/utilities/pgffor.sty
(c:/texlive/2014/texmf-dist/tex/latex/pgf/utilities/pgfkeys.sty
(c:/texlive/2014/texmf-dist/tex/generic/pgf/utilities/pgfkeys.code.tex))
(c:/texlive/2014/texmf-dist/tex/latex/pgf/math/pgfmath.sty
(c:/texlive/2014/texmf-dist/tex/generic/pgf/math/pgfmath.code.tex))
(c:/texlive/2014/texmf-dist/tex/generic/pgf/utilities/pgffor.code.tex
Package: pgffor 2013/12/13 v3.0.0 (rcs-revision 1.25)

(c:/texlive/2014/texmf-dist/tex/generic/pgf/math/pgfmath.code.tex)
\pgffor@iter=\dimen285
\pgffor@skip=\dimen286
\pgffor@stack=\toks61
\pgffor@toks=\toks62
))
(c:/texlive/2014/texmf-dist/tex/generic/pgf/frontendlayer/tikz/tikz.code.tex
Package: tikz 2013/12/13 v3.0.0 (rcs-revision 1.142)

(c:/texlive/2014/texmf-dist/tex/generic/pgf/libraries/pgflibraryplothandlers.co
de.tex
File: pgflibraryplothandlers.code.tex 2013/08/31 v3.0.0 (rcs-revision 1.20)
\pgf@plot@mark@count=\count201
\pgfplotmarksize=\dimen287
)
\tikz@lastx=\dimen288
\tikz@lasty=\dimen289
\tikz@lastxsaved=\dimen290
\tikz@lastysaved=\dimen291
\tikzleveldistance=\dimen292
\tikzsiblingdistance=\dimen293
\tikz@figbox=\box77
\tikz@figbox@bg=\box78
\tikz@tempbox=\box79
\tikz@tempbox@bg=\box80
Normal \count register pool exhausted, switching to extended pool.
\tikztreelevel=\count277
\tikznumberofchildren=\count278
\tikznumberofcurrentchild=\count279
\tikz@fig@count=\count280

(c:/texlive/2014/texmf-dist/tex/generic/pgf/modules/pgfmodulematrix.code.tex
File: pgfmodulematrix.code.tex 2013/09/17  (rcs-revision 1.8)
\pgfmatrixcurrentrow=\count281
\pgfmatrixcurrentcolumn=\count282
\pgf@matrix@numberofcolumns=\count283
)
\tikz@expandcount=\count284

(c:/texlive/2014/texmf-dist/tex/generic/pgf/frontendlayer/tikz/libraries/tikzli
brarytopaths.code.tex
File: tikzlibrarytopaths.code.tex 2008/06/17 v3.0.0 (rcs-revision 1.2)
)))
(c:/texlive/2014/texmf-dist/tex/generic/pgf/frontendlayer/tikz/libraries/tikzli
brarycalc.code.tex
File: tikzlibrarycalc.code.tex 2013/07/15 v3.0.0 (rcs-revision 1.9)
)
(c:/texlive/2014/texmf-dist/tex/generic/pgf/frontendlayer/tikz/libraries/tikzli
brarypositioning.code.tex
File: tikzlibrarypositioning.code.tex 2008/10/06 v3.0.0 (rcs-revision 1.7)
)
(c:/texlive/2014/texmf-dist/tex/latex/xifthen/xifthen.sty
Package: xifthen 2009/04/17 v1.3 Extended ifthen features

(c:/texlive/2014/texmf-dist/tex/latex/ifmtarg/ifmtarg.sty
Package: ifmtarg 2009/09/02 v1.2a check for an empty argument
))
(c:/texlive/2014/texmf-dist/tex/latex/xargs/xargs.sty
Package: xargs 2008/03/22 v1.1  extended macro definitions  (mpg)

(c:/texlive/2014/texmf-dist/tex/latex/xkeyval/xkeyval.sty
Package: xkeyval 2014/05/09 v2.6d package option processing (HA)

(c:/texlive/2014/texmf-dist/tex/generic/xkeyval/xkeyval.tex
\XKV@toks=\toks63
\XKV@tempa@toks=\toks64
\XKV@depth=\count285
File: xkeyval.tex 2014/05/09 v2.6d key=value parser (HA)
))
\xargs@max=\count286
\xargs@toksa=\toks65
\xargs@toksb=\toks66
)
(c:/texlive/2014/texmf-dist/tex/latex/polyglossia/polyglossia.sty
Package: polyglossia 2014/05/21 v1.33.5 Babel replacement for XeLaTeX and LuaTe
X

(c:/texlive/2014/texmf-dist/tex/latex/etoolbox/etoolbox.sty
Package: etoolbox 2011/01/03 v2.1 e-TeX tools for LaTeX
\etb@tempcnta=\count287
)
(c:/texlive/2014/texmf-dist/tex/latex/makecmds/makecmds.sty
Package: makecmds 2009/09/03 v1.0a extra command making commands
)
\xpg@normalclass=\XeTeXintercharclass4
)
(c:/texlive/2014/texmf-dist/tex/latex/polyglossia/gloss-spanish.ldf
File: gloss-spanish.ldf polyglossia: module for spanish
)
Package polyglossia Info: Default language is spanish.
\g__file_internal_ior=\read5
\g_fontspec_family_OpenSans-CondLight.ttf_int=\count288
.................................................
. fontspec info: "defining-font"
. 
. Font family 'OpenSans-CondLight.ttf(0)' created for font
. 'OpenSans-CondLight.ttf' with options [ BoldFont = OpenSans-CondBold.ttf ,
. ItalicFont = OpenSans-CondLightItalic.ttf , BoldItalicFont =
. OpenSans-CondLightItalic.ttf ].
. 
. This font family consists of the following shapes:
. 
. * 'normal' with NFSS spec.:
. <->"[OpenSans-CondLight.ttf]/ICU:script=latn;language=DFLT;"
. 
. * 'bold' with NFSS spec.:
. <->"[OpenSans-CondBold.ttf]/ICU:script=latn;language=DFLT;"
. 
. * 'italic' with NFSS spec.:
. <->"[OpenSans-CondLightItalic.ttf]/ICU:script=latn;language=DFLT;"
. 
. * 'bold italic' with NFSS spec.:
. <->"[OpenSans-CondLightItalic.ttf]/ICU:script=latn;language=DFLT;"
.................................................
\g_fontspec_family_Open Sans Condensed Bold_int=\count289
.................................................
. fontspec info: "no-font-shape"
. 
. Could not resolve font Open Sans Condensed Bold/B (it probably doesn't
. exist).
.................................................
.................................................
. fontspec info: "no-font-shape"
. 
. Could not resolve font Open Sans Condensed Bold/I (it probably doesn't
. exist).
.................................................
.................................................
. fontspec info: "no-font-shape"
. 
. Could not resolve font Open Sans Condensed Bold/BI (it probably doesn't
. exist).
.................................................
.................................................
. fontspec info: "defining-font"
. 
. Font family 'OpenSansCondensedBold(0)' created for font 'Open Sans Condensed
. Bold' with options [].
. 
. This font family consists of the following shapes:
. 
. * 'normal' with NFSS spec.:
. <->"Open Sans Condensed Bold/ICU:script=latn;language=DFLT;"
.................................................
\g_fontspec_family_Open Sans_int=\count290
.................................................
. fontspec info: "defining-font"
. 
. Font family 'OpenSans(0)' created for font 'Open Sans' with options [].
. 
. This font family consists of the following shapes:
. 
. * 'normal' with NFSS spec.:
. <->"Open Sans/ICU:script=latn;language=DFLT;"
. 
. * 'bold' with NFSS spec.:
. <->"Open Sans/B/ICU:script=latn;language=DFLT;"
. 
. * 'italic' with NFSS spec.:
. <->"Open Sans/I/ICU:script=latn;language=DFLT;"
. 
. * 'bold italic' with NFSS spec.:
. <->"Open Sans/BI/ICU:script=latn;language=DFLT;"
.................................................
\g_fontspec_family_Open Sans Bold_int=\count291
.................................................
. fontspec info: "defining-font"
. 
. Font family 'OpenSansBold(0)' created for font 'Open Sans Bold' with options
. [].
. 
. This font family consists of the following shapes:
. 
. * 'normal' with NFSS spec.:
. <->"Open Sans Bold/ICU:script=latn;language=DFLT;"
. 
. * 'bold' with NFSS spec.:
. <->"Open Sans Bold/B/ICU:script=latn;language=DFLT;"
. 
. * 'italic' with NFSS spec.:
. <->"Open Sans Bold/I/ICU:script=latn;language=DFLT;"
. 
. * 'bold italic' with NFSS spec.:
. <->"Open Sans Bold/BI/ICU:script=latn;language=DFLT;"
.................................................
\g_fontspec_family_Open Sans Condensed Light Italic_int=\count292
.................................................
. fontspec info: "defining-font"
. 
. Font family 'OpenSansCondensedLightItalic(0)' created for font 'Open Sans
. Condensed Light Italic' with options [].
. 
. This font family consists of the following shapes:
. 
. * 'normal' with NFSS spec.:
. <->"Open Sans Condensed Light Italic/ICU:script=latn;language=DFLT;"
. 
. * 'bold' with NFSS spec.:
. <->"Open Sans Condensed Light Italic/B/ICU:script=latn;language=DFLT;"
. 
. * 'italic' with NFSS spec.:
. <->"Open Sans Condensed Light Italic/I/ICU:script=latn;language=DFLT;"
. 
. * 'bold italic' with NFSS spec.:
. <->"Open Sans Condensed Light Italic/BI/ICU:script=latn;language=DFLT;"
.................................................
\g_fontspec_family_Latin Modern Roman_int=\count293
.................................................
. fontspec info: "defining-font"
. 
. Font family 'LatinModernRoman(0)' created for font 'Latin Modern Roman' with
. options [].
. 
. This font family consists of the following shapes:
. 
. * 'normal' with NFSS spec.:
. <->"Latin Modern Roman/ICU:script=latn;language=DFLT;"
. 
. * 'bold' with NFSS spec.:
. <->"Latin Modern Roman/B/ICU:script=latn;language=DFLT;"
. 
. * 'italic' with NFSS spec.:
. <->"Latin Modern Roman/I/ICU:script=latn;language=DFLT;"
. 
. * 'bold italic' with NFSS spec.:
. <->"Latin Modern Roman/BI/ICU:script=latn;language=DFLT;"
.................................................
)
(./DocPresentacion.aux)
\openout1 = `DocPresentacion.aux'.

LaTeX Font Info:    Checking defaults for OML/cmm/m/it on input line 3.
LaTeX Font Info:    ... okay on input line 3.
LaTeX Font Info:    Checking defaults for T1/cmr/m/n on input line 3.
LaTeX Font Info:    ... okay on input line 3.
LaTeX Font Info:    Checking defaults for OT1/cmr/m/n on input line 3.
LaTeX Font Info:    ... okay on input line 3.
LaTeX Font Info:    Checking defaults for OMS/cmsy/m/n on input line 3.
LaTeX Font Info:    ... okay on input line 3.
LaTeX Font Info:    Checking defaults for OMX/cmex/m/n on input line 3.
LaTeX Font Info:    ... okay on input line 3.
LaTeX Font Info:    Checking defaults for U/cmr/m/n on input line 3.
LaTeX Font Info:    ... okay on input line 3.
LaTeX Font Info:    Checking defaults for PD1/pdf/m/n on input line 3.
LaTeX Font Info:    ... okay on input line 3.
LaTeX Font Info:    Checking defaults for PU/pdf/m/n on input line 3.
LaTeX Font Info:    ... okay on input line 3.
LaTeX Font Info:    Checking defaults for EU1/lmr/m/n on input line 3.
LaTeX Font Info:    ... okay on input line 3.
LaTeX Font Info:    Checking defaults for T3/cmr/m/n on input line 3.
LaTeX Font Info:    Try loading font information for T3+cmr on input line 3.
 (c:/texlive/2014/texmf-dist/tex/latex/tipa/t3cmr.fd
File: t3cmr.fd 2001/12/31 TIPA font definitions
)
LaTeX Font Info:    ... okay on input line 3.

*geometry* driver: auto-detecting
*geometry* detected driver: xetex
*geometry* verbose mode - [ preamble ] result:
* driver: xetex
* paper: custom
* layout: <same size as paper>
* layoutoffset:(h,v)=(0.0pt,0.0pt)
* modes: includehead includefoot 
* h-part:(L,W,R)=(10.00002pt, 344.19533pt, 10.00002pt)
* v-part:(T,H,B)=(0.0pt, 273.14662pt, 0.0pt)
* \paperwidth=364.19536pt
* \paperheight=273.14662pt
* \textwidth=344.19533pt
* \textheight=244.6939pt
* \oddsidemargin=-62.26997pt
* \evensidemargin=-62.26997pt
* \topmargin=-72.26999pt
* \headheight=14.22636pt
* \headsep=0.0pt
* \topskip=10.0pt
* \footskip=14.22636pt
* \marginparwidth=3.0pt
* \marginparsep=11.0pt
* \columnsep=10.0pt
* \skip\footins=9.0pt plus 4.0pt minus 2.0pt
* \hoffset=0.0pt
* \voffset=0.0pt
* \mag=1000
* \@twocolumnfalse
* \@twosidefalse
* \@mparswitchfalse
* \@reversemarginfalse
* (1in=72.27pt=25.4mm, 1cm=28.453pt)

ABD: EveryShipout initializing macros
\AtBeginShipoutBox=\box81
Package hyperref Info: Link coloring OFF on input line 3.

(c:/texlive/2014/texmf-dist/tex/latex/hyperref/nameref.sty
Package: nameref 2012/10/27 v2.43 Cross-referencing by name of section

(c:/texlive/2014/texmf-dist/tex/generic/oberdiek/gettitlestring.sty
Package: gettitlestring 2010/12/03 v1.4 Cleanup title references (HO)
)
\c@section@level=\count294
)
LaTeX Info: Redefining \ref on input line 3.
LaTeX Info: Redefining \pageref on input line 3.
LaTeX Info: Redefining \nameref on input line 3.

(./DocPresentacion.out) (./DocPresentacion.out)
\@outlinefile=\write5
\openout5 = `DocPresentacion.out'.

LaTeX Font Info:    Overwriting symbol font `operators' in version `normal'
(Font)                  OT1/cmr/m/n --> OT1/cmss/m/n on input line 3.
LaTeX Font Info:    Overwriting symbol font `operators' in version `bold'
(Font)                  OT1/cmr/bx/n --> OT1/cmss/bx/n on input line 3.
\symnumbers=\mathgroup6
\sympureletters=\mathgroup7
LaTeX Font Info:    Overwriting math alphabet `\mathrm' in version `normal'
(Font)                  OT1/cmss/m/n --> EU1/lmr/m/n on input line 3.
LaTeX Font Info:    Redeclaring math alphabet \mathbf on input line 3.
LaTeX Font Info:    Overwriting math alphabet `\mathbf' in version `normal'
(Font)                  OT1/cmr/bx/n --> EU1/OpenSans-CondLight.ttf(0)/bx/n on 
input line 3.
LaTeX Font Info:    Overwriting math alphabet `\mathbf' in version `bold'
(Font)                  OT1/cmr/bx/n --> EU1/OpenSans-CondLight.ttf(0)/bx/n on 
input line 3.
LaTeX Font Info:    Redeclaring math alphabet \mathsf on input line 3.
LaTeX Font Info:    Overwriting math alphabet `\mathsf' in version `normal'
(Font)                  OT1/cmss/m/n --> EU1/OpenSans-CondLight.ttf(0)/m/n on i
nput line 3.
LaTeX Font Info:    Overwriting math alphabet `\mathsf' in version `bold'
(Font)                  OT1/cmss/bx/n --> EU1/OpenSans-CondLight.ttf(0)/m/n on 
input line 3.
LaTeX Font Info:    Redeclaring math alphabet \mathit on input line 3.
LaTeX Font Info:    Overwriting math alphabet `\mathit' in version `normal'
(Font)                  OT1/cmr/m/it --> EU1/OpenSans-CondLight.ttf(0)/m/it on 
input line 3.
LaTeX Font Info:    Overwriting math alphabet `\mathit' in version `bold'
(Font)                  OT1/cmr/bx/it --> EU1/OpenSans-CondLight.ttf(0)/m/it on
 input line 3.
LaTeX Font Info:    Redeclaring math alphabet \mathtt on input line 3.
LaTeX Font Info:    Overwriting math alphabet `\mathtt' in version `normal'
(Font)                  OT1/cmtt/m/n --> EU1/lmtt/m/n on input line 3.
LaTeX Font Info:    Overwriting math alphabet `\mathtt' in version `bold'
(Font)                  OT1/cmtt/m/n --> EU1/lmtt/m/n on input line 3.
LaTeX Font Info:    Overwriting symbol font `numbers' in version `bold'
(Font)                  EU1/OpenSans-CondLight.ttf(0)/m/n --> EU1/OpenSans-Cond
Light.ttf(0)/bx/n on input line 3.
LaTeX Font Info:    Overwriting symbol font `pureletters' in version `bold'
(Font)                  EU1/OpenSans-CondLight.ttf(0)/m/it --> EU1/OpenSans-Con
dLight.ttf(0)/bx/it on input line 3.
LaTeX Font Info:    Overwriting math alphabet `\mathrm' in version `bold'
(Font)                  OT1/cmss/bx/n --> EU1/lmr/bx/n on input line 3.
LaTeX Font Info:    Overwriting math alphabet `\mathbf' in version `bold'
(Font)                  EU1/OpenSans-CondLight.ttf(0)/bx/n --> EU1/OpenSans-Con
dLight.ttf(0)/bx/n on input line 3.
LaTeX Font Info:    Overwriting math alphabet `\mathsf' in version `bold'
(Font)                  EU1/OpenSans-CondLight.ttf(0)/m/n --> EU1/OpenSans-Cond
Light.ttf(0)/bx/n on input line 3.
LaTeX Font Info:    Overwriting math alphabet `\mathit' in version `bold'
(Font)                  EU1/OpenSans-CondLight.ttf(0)/m/it --> EU1/OpenSans-Con
dLight.ttf(0)/bx/it on input line 3.
LaTeX Font Info:    Overwriting math alphabet `\mathtt' in version `bold'
(Font)                  EU1/lmtt/m/n --> EU1/lmtt/bx/n on input line 3.

(c:/texlive/2014/texmf-dist/tex/latex/beamer/translator/dicts/translator-basic-
dictionary/translator-basic-dictionary-English.dict
Dictionary: translator-basic-dictionary, Language: English 
)
(c:/texlive/2014/texmf-dist/tex/latex/beamer/translator/dicts/translator-biblio
graphy-dictionary/translator-bibliography-dictionary-English.dict
Dictionary: translator-bibliography-dictionary, Language: English 
)
(c:/texlive/2014/texmf-dist/tex/latex/beamer/translator/dicts/translator-enviro
nment-dictionary/translator-environment-dictionary-English.dict
Dictionary: translator-environment-dictionary, Language: English 
)
(c:/texlive/2014/texmf-dist/tex/latex/beamer/translator/dicts/translator-months
-dictionary/translator-months-dictionary-English.dict
Dictionary: translator-months-dictionary, Language: English 
)
(c:/texlive/2014/texmf-dist/tex/latex/beamer/translator/dicts/translator-number
s-dictionary/translator-numbers-dictionary-English.dict
Dictionary: translator-numbers-dictionary, Language: English 
)
(c:/texlive/2014/texmf-dist/tex/latex/beamer/translator/dicts/translator-theore
m-dictionary/translator-theorem-dictionary-English.dict
Dictionary: translator-theorem-dictionary, Language: English 
)
LaTeX Info: Redefining \includegraphics on input line 3.
.................................................
. fontspec info: "setup-math"
. 
. Adjusting the maths setup (use [no-math] to avoid this).
.................................................
\symlegacymaths=\mathgroup8
LaTeX Font Info:    Overwriting symbol font `legacymaths' in version `bold'
(Font)                  OT1/cmr/m/n --> OT1/cmr/bx/n on input line 3.
LaTeX Font Info:    Redeclaring math accent \acute on input line 3.
LaTeX Font Info:    Redeclaring math accent \grave on input line 3.
LaTeX Font Info:    Redeclaring math accent \ddot on input line 3.
LaTeX Font Info:    Redeclaring math accent \tilde on input line 3.
LaTeX Font Info:    Redeclaring math accent \bar on input line 3.
LaTeX Font Info:    Redeclaring math accent \breve on input line 3.
LaTeX Font Info:    Redeclaring math accent \check on input line 3.
LaTeX Font Info:    Redeclaring math accent \hat on input line 3.
LaTeX Font Info:    Redeclaring math accent \dot on input line 3.
LaTeX Font Info:    Redeclaring math accent \mathring on input line 3.
LaTeX Font Info:    Redeclaring math symbol \Gamma on input line 3.
LaTeX Font Info:    Redeclaring math symbol \Delta on input line 3.
LaTeX Font Info:    Redeclaring math symbol \Theta on input line 3.
LaTeX Font Info:    Redeclaring math symbol \Lambda on input line 3.
LaTeX Font Info:    Redeclaring math symbol \Xi on input line 3.
LaTeX Font Info:    Redeclaring math symbol \Pi on input line 3.
LaTeX Font Info:    Redeclaring math symbol \Sigma on input line 3.
LaTeX Font Info:    Redeclaring math symbol \Upsilon on input line 3.
LaTeX Font Info:    Redeclaring math symbol \Phi on input line 3.
LaTeX Font Info:    Redeclaring math symbol \Psi on input line 3.
LaTeX Font Info:    Redeclaring math symbol \Omega on input line 3.
LaTeX Font Info:    Redeclaring math symbol \mathdollar on input line 3.
LaTeX Font Info:    Redeclaring symbol font `operators' on input line 3.
LaTeX Font Info:    Encoding `OT1' has changed to `EU1' for symbol font
(Font)              `operators' in the math version `normal' on input line 3.
LaTeX Font Info:    Overwriting symbol font `operators' in version `normal'
(Font)                  OT1/cmss/m/n --> EU1/lmr/m/n on input line 3.
LaTeX Font Info:    Encoding `OT1' has changed to `EU1' for symbol font
(Font)              `operators' in the math version `bold' on input line 3.
LaTeX Font Info:    Overwriting symbol font `operators' in version `bold'
(Font)                  OT1/cmss/bx/n --> EU1/lmr/m/n on input line 3.
LaTeX Font Info:    Overwriting symbol font `operators' in version `normal'
(Font)                  EU1/lmr/m/n --> EU1/lmr/m/n on input line 3.
LaTeX Font Info:    Overwriting math alphabet `\mathrm' in version `normal'
(Font)                  EU1/lmr/m/n --> EU1/lmr/m/n on input line 3.
LaTeX Font Info:    Overwriting math alphabet `\mathit' in version `normal'
(Font)                  EU1/OpenSans-CondLight.ttf(0)/m/it --> EU1/lmr/m/it on 
input line 3.
LaTeX Font Info:    Overwriting math alphabet `\mathbf' in version `normal'
(Font)                  EU1/OpenSans-CondLight.ttf(0)/bx/n --> EU1/lmr/bx/n on 
input line 3.
LaTeX Font Info:    Overwriting math alphabet `\mathsf' in version `normal'
(Font)                  EU1/OpenSans-CondLight.ttf(0)/m/n --> EU1/OpenSans-Cond
Light.ttf(0)/m/n on input line 3.
LaTeX Font Info:    Overwriting math alphabet `\mathtt' in version `normal'
(Font)                  EU1/lmtt/m/n --> EU1/lmtt/m/n on input line 3.
LaTeX Font Info:    Overwriting symbol font `operators' in version `bold'
(Font)                  EU1/lmr/m/n --> EU1/lmr/bx/n on input line 3.
LaTeX Font Info:    Overwriting math alphabet `\mathrm' in version `bold'
(Font)                  EU1/lmr/bx/n --> EU1/lmr/bx/n on input line 3.
LaTeX Font Info:    Overwriting math alphabet `\mathit' in version `bold'
(Font)                  EU1/OpenSans-CondLight.ttf(0)/bx/it --> EU1/lmr/bx/it o
n input line 3.
LaTeX Font Info:    Overwriting math alphabet `\mathsf' in version `bold'
(Font)                  EU1/OpenSans-CondLight.ttf(0)/bx/n --> EU1/OpenSans-Con
dLight.ttf(0)/bx/n on input line 3.
LaTeX Font Info:    Overwriting math alphabet `\mathtt' in version `bold'
(Font)                  EU1/lmtt/bx/n --> EU1/lmtt/bx/n on input line 3.
 (./DocPresentacion.nav)
LaTeX Font Info:    Try loading font information for U+msa on input line 3.
 (c:/texlive/2014/texmf-dist/tex/latex/amsfonts/umsa.fd
File: umsa.fd 2013/01/14 v3.01 AMS symbols A
)
LaTeX Font Info:    Try loading font information for U+msb on input line 3.

(c:/texlive/2014/texmf-dist/tex/latex/amsfonts/umsb.fd
File: umsb.fd 2013/01/14 v3.01 AMS symbols B
)
File: logo.pdf Graphic file (type QTm)
 <use  "logo.pdf" >
Overfull \hbox (5.76613pt too wide) in paragraph at lines 3--3
[][][][]  
 []

File: diapositiva_educativa.pdf Graphic file (type QTm)
<use  "diapositiva_educativa.pdf" >
File: diapositiva_educativa.pdf Graphic file (type QTm)
 <use  "diapositiva_educativa.pdf" >
File: diapositiva_educativa.pdf Graphic file (type QTm)

<use  "diapositiva_educativa.pdf"  page1>
File: diapositiva_educativa.pdf Graphic file (type QTm)

<use  "diapositiva_educativa.pdf"  page1>
File: diapositiva_educativa.pdf Graphic file (type QTm)

<use  "diapositiva_educativa.pdf"  page1>
File: diapositiva_educativa.pdf Graphic file (type QTm)

<use  "diapositiva_educativa.pdf"  page1>
File: diapositiva_educativa.pdf Graphic file (type QTm)

<use  "diapositiva_educativa.pdf"  page1> [1

]
File: arte.jpg Graphic file (type QTm)
 <use  "arte.jpg" > [2]
(c:/Users/INE/Desktop/compendio_educacion/graficas/preprimaria/1_01.tex)
Overfull \hbox (5.76613pt too wide) has occurred while \output is active
[][][][] 
 []

File: logo.pdf Graphic file (type QTm)
<use  "logo.pdf" > [3


! Undefined control sequence.
<write> ...Alumnos\040en\040preprimaria}{\Parent2 
                                                  }% 1
l.15 ...a, con datos del Ministerio de Educacin}
                                                  
The control sequence at the end of the top line
of your error message was never \def'ed. If you have
misspelled it (e.g., `\hobx'), type `I' and the correct
spelling (e.g., `I\hbox'). Otherwise just continue,
and I'll forget about whatever was undefined.

] (c:/Users/INE/Desktop/compendio_educacion/graficas/preprimaria/1_03.tex)
Overfull \hbox (5.76613pt too wide) has occurred while \output is active
[][][][] 
 []

File: logo.pdf Graphic file (type QTm)
<use  "logo.pdf" > [4

]
(c:/Users/INE/Desktop/compendio_educacion/graficas/preprimaria/1_04.tex)
Overfull \hbox (5.76613pt too wide) has occurred while \output is active
[][][][] 
 []

File: logo.pdf Graphic file (type QTm)
<use  "logo.pdf" > [5

]
(c:/Users/INE/Desktop/compendio_educacion/graficas/preprimaria/1_05.tex)
Overfull \hbox (5.76613pt too wide) has occurred while \output is active
[][][][] 
 []

File: logo.pdf Graphic file (type QTm)
<use  "logo.pdf" > [6

]
File: arte.jpg Graphic file (type QTm)
 <use  "arte.jpg" > [7

]
(c:/Users/INE/Desktop/compendio_educacion/graficas/preprimaria/1_10.tex)
Overfull \hbox (5.76613pt too wide) has occurred while \output is active
[][][][] 
 []

File: logo.pdf Graphic file (type QTm)
<use  "logo.pdf" > [8


! Undefined control sequence.
<write> ...cadores\040de\040preprimaria}{\Parent2 
                                                  }% 2
l.32 ...a, con datos del Ministerio de Educacin}
                                                  
The control sequence at the end of the top line
of your error message was never \def'ed. If you have
misspelled it (e.g., `\hobx'), type `I' and the correct
spelling (e.g., `I\hbox'). Otherwise just continue,
and I'll forget about whatever was undefined.

]
File: C:/Users/INE/Desktop/compendio_educacion/graficas/preprimaria/1_12.pdf Gr
aphic file (type QTm)

<use  "C:/Users/INE/Desktop/compendio_educacion/graficas/preprimaria/1_12.pdf" 
>
Overfull \hbox (5.76613pt too wide) has occurred while \output is active
[][][][] 
 []

File: logo.pdf Graphic file (type QTm)
<use  "logo.pdf" > [9

]
File: arte.jpg Graphic file (type QTm)
 <use  "arte.jpg" > [10

]
(c:/Users/INE/Desktop/compendio_educacion/graficas/primaria/1_01.tex)
Overfull \hbox (5.76613pt too wide) has occurred while \output is active
[][][][] 
 []

File: logo.pdf Graphic file (type QTm)
<use  "logo.pdf" > [11


! Undefined control sequence.
<write> ...1}{Alumnos\040en\040primaria}{\Parent2 
                                                  }% 3
l.44 ...a, con datos del Ministerio de Educacin}
                                                  
The control sequence at the end of the top line
of your error message was never \def'ed. If you have
misspelled it (e.g., `\hobx'), type `I' and the correct
spelling (e.g., `I\hbox'). Otherwise just continue,
and I'll forget about whatever was undefined.

] (c:/Users/INE/Desktop/compendio_educacion/graficas/primaria/1_02.tex)
Overfull \hbox (5.76613pt too wide) has occurred while \output is active
[][][][] 
 []

File: logo.pdf Graphic file (type QTm)
<use  "logo.pdf" > [12

]
(c:/Users/INE/Desktop/compendio_educacion/graficas/primaria/1_03.tex)
Overfull \hbox (5.76613pt too wide) has occurred while \output is active
[][][][] 
 []

File: logo.pdf Graphic file (type QTm)
<use  "logo.pdf" > [13

]
(c:/Users/INE/Desktop/compendio_educacion/graficas/primaria/1_05.tex)
Overfull \hbox (5.76613pt too wide) has occurred while \output is active
[][][][] 
 []

File: logo.pdf Graphic file (type QTm)
<use  "logo.pdf" > [14

]
File: arte.jpg Graphic file (type QTm)
 <use  "arte.jpg" > [15

]
(c:/Users/INE/Desktop/compendio_educacion/graficas/primaria/1_11.tex)
Overfull \hbox (5.76613pt too wide) has occurred while \output is active
[][][][] 
 []

File: logo.pdf Graphic file (type QTm)
<use  "logo.pdf" > [16


! Undefined control sequence.
<write> ...dores de educacin primaria}{\Parent2 
                                                  }% 4
l.60 ...a, con datos del Ministerio de Educacin}
                                                  
The control sequence at the end of the top line
of your error message was never \def'ed. If you have
misspelled it (e.g., `\hobx'), type `I' and the correct
spelling (e.g., `I\hbox'). Otherwise just continue,
and I'll forget about whatever was undefined.

]
File: C:/Users/INE/Desktop/compendio_educacion/graficas/primaria/1_13.pdf Graph
ic file (type QTm)

<use  "C:/Users/INE/Desktop/compendio_educacion/graficas/primaria/1_13.pdf" >
Overfull \hbox (5.76613pt too wide) has occurred while \output is active
[][][][] 
 []

File: logo.pdf Graphic file (type QTm)
<use  "logo.pdf" > [17

]
(c:/Users/INE/Desktop/compendio_educacion/graficas/primaria/1_14.tex)
Overfull \hbox (5.76613pt too wide) has occurred while \output is active
[][][][] 
 []

File: logo.pdf Graphic file (type QTm)
<use  "logo.pdf" > [18

]
(c:/Users/INE/Desktop/compendio_educacion/graficas/primaria/1_15.tex)
Overfull \hbox (5.76613pt too wide) has occurred while \output is active
[][][][] 
 []

File: logo.pdf Graphic file (type QTm)
<use  "logo.pdf" > [19

]
(c:/Users/INE/Desktop/compendio_educacion/graficas/primaria/1_17.tex)
Overfull \hbox (5.76613pt too wide) has occurred while \output is active
[][][][] 
 []

File: logo.pdf Graphic file (type QTm)
<use  "logo.pdf" > [20

]
(c:/Users/INE/Desktop/compendio_educacion/graficas/primaria/1_18.tex)
Overfull \hbox (5.76613pt too wide) has occurred while \output is active
[][][][] 
 []

File: logo.pdf Graphic file (type QTm)
<use  "logo.pdf" > [21

]
(c:/Users/INE/Desktop/compendio_educacion/graficas/primaria/1_20.tex)
Overfull \hbox (5.76613pt too wide) has occurred while \output is active
[][][][] 
 []

File: logo.pdf Graphic file (type QTm)
<use  "logo.pdf" > [22

]
(c:/Users/INE/Desktop/compendio_educacion/graficas/primaria/1_21.tex)
Overfull \hbox (5.76613pt too wide) has occurred while \output is active
[][][][] 
 []

File: logo.pdf Graphic file (type QTm)
<use  "logo.pdf" > [23

]
(c:/Users/INE/Desktop/compendio_educacion/graficas/primaria/1_23.tex)
Overfull \hbox (5.76613pt too wide) has occurred while \output is active
[][][][] 
 []

File: logo.pdf Graphic file (type QTm)
<use  "logo.pdf" > [24

]
File: arte.jpg Graphic file (type QTm)
 <use  "arte.jpg" > [25

]
(c:/Users/INE/Desktop/compendio_educacion/graficas/basicos/1_01.tex)
Overfull \hbox (5.76613pt too wide) has occurred while \output is active
[][][][] 
 []

File: logo.pdf Graphic file (type QTm)
<use  "logo.pdf" > [26


! Undefined control sequence.
<write> ...0.0.5.26}{Alumnos en bsico}{\Parent2 
                                                  }% 5
l.107 ..., con datos del Ministerio de Educacin}
                                                  
The control sequence at the end of the top line
of your error message was never \def'ed. If you have
misspelled it (e.g., `\hobx'), type `I' and the correct
spelling (e.g., `I\hbox'). Otherwise just continue,
and I'll forget about whatever was undefined.

] (c:/Users/INE/Desktop/compendio_educacion/graficas/basicos/1_02.tex)
Overfull \hbox (5.76613pt too wide) has occurred while \output is active
[][][][] 
 []

File: logo.pdf Graphic file (type QTm)
<use  "logo.pdf" > [27

]
(c:/Users/INE/Desktop/compendio_educacion/graficas/basicos/1_03.tex)
Overfull \hbox (5.76613pt too wide) has occurred while \output is active
[][][][] 
 []

File: logo.pdf Graphic file (type QTm)
<use  "logo.pdf" > [28

]
(c:/Users/INE/Desktop/compendio_educacion/graficas/basicos/1_04.tex)
Overfull \hbox (5.76613pt too wide) has occurred while \output is active
[][][][] 
 []

File: logo.pdf Graphic file (type QTm)
<use  "logo.pdf" > [29

]
(c:/Users/INE/Desktop/compendio_educacion/graficas/basicos/1_05.tex)
Overfull \hbox (5.76613pt too wide) has occurred while \output is active
[][][][] 
 []

File: logo.pdf Graphic file (type QTm)
<use  "logo.pdf" > [30

]
(c:/Users/INE/Desktop/compendio_educacion/graficas/basicos/1_06.tex)
Overfull \hbox (5.76613pt too wide) has occurred while \output is active
[][][][] 
 []

File: logo.pdf Graphic file (type QTm)
<use  "logo.pdf" > [31

]
File: arte.jpg Graphic file (type QTm)
 <use  "arte.jpg" > [32

]
(c:/Users/INE/Desktop/compendio_educacion/graficas/basicos/1_11.tex)
Overfull \hbox (5.76613pt too wide) has occurred while \output is active
[][][][] 
 []

File: logo.pdf Graphic file (type QTm)
<use  "logo.pdf" > [33


! Undefined control sequence.
<write> ...adores de educacin bsica}{\Parent2 
                                                  }% 6
l.128 ..., con datos del Ministerio de Educacin}
                                                  
The control sequence at the end of the top line
of your error message was never \def'ed. If you have
misspelled it (e.g., `\hobx'), type `I' and the correct
spelling (e.g., `I\hbox'). Otherwise just continue,
and I'll forget about whatever was undefined.

] (c:/Users/INE/Desktop/compendio_educacion/graficas/basicos/1_12.tex)
Overfull \hbox (5.76613pt too wide) has occurred while \output is active
[][][][] 
 []

File: logo.pdf Graphic file (type QTm)
<use  "logo.pdf" > [34

]
File: C:/Users/INE/Desktop/compendio_educacion/graficas/basicos/1_13.pdf Graphi
c file (type QTm)

<use  "C:/Users/INE/Desktop/compendio_educacion/graficas/basicos/1_13.pdf" >
Overfull \hbox (5.76613pt too wide) has occurred while \output is active
[][][][] 
 []

File: logo.pdf Graphic file (type QTm)
<use  "logo.pdf" > [35

]
File: arte.jpg Graphic file (type QTm)
 <use  "arte.jpg" > [36

]
(c:/Users/INE/Desktop/compendio_educacion/graficas/diversificado/1_01.tex)
Overfull \hbox (5.76613pt too wide) has occurred while \output is active
[][][][] 
 []

File: logo.pdf Graphic file (type QTm)
<use  "logo.pdf" > [37


! Undefined control sequence.
<write> ...umnos\040en\040diversificado}{\Parent2 
                                                  }% 7
l.149 ...de Estadstica, Mnisterio de Educacin}
                                                  
The control sequence at the end of the top line
of your error message was never \def'ed. If you have
misspelled it (e.g., `\hobx'), type `I' and the correct
spelling (e.g., `I\hbox'). Otherwise just continue,
and I'll forget about whatever was undefined.

] (c:/Users/INE/Desktop/compendio_educacion/graficas/diversificado/1_02.tex)
Overfull \hbox (5.76613pt too wide) has occurred while \output is active
[][][][] 
 []

File: logo.pdf Graphic file (type QTm)
<use  "logo.pdf" > [38

]
(c:/Users/INE/Desktop/compendio_educacion/graficas/diversificado/1_03.tex)
Overfull \hbox (5.76613pt too wide) has occurred while \output is active
[][][][] 
 []

File: logo.pdf Graphic file (type QTm)
<use  "logo.pdf" > [39

]
(c:/Users/INE/Desktop/compendio_educacion/graficas/diversificado/1_04.tex)
Overfull \hbox (5.76613pt too wide) has occurred while \output is active
[][][][] 
 []

File: logo.pdf Graphic file (type QTm)
<use  "logo.pdf" > [40

]
(c:/Users/INE/Desktop/compendio_educacion/graficas/diversificado/1_05.tex)
Overfull \hbox (5.76613pt too wide) has occurred while \output is active
[][][][] 
 []

File: logo.pdf Graphic file (type QTm)
<use  "logo.pdf" > [41

]
File: arte.jpg Graphic file (type QTm)
 <use  "arte.jpg" > [42

]
(c:/Users/INE/Desktop/compendio_educacion/graficas/diversificado/1_11.tex)
Overfull \hbox (5.76613pt too wide) has occurred while \output is active
[][][][] 
 []

File: logo.pdf Graphic file (type QTm)
<use  "logo.pdf" > [43


! Undefined control sequence.
<write> ... de educacin diversificada}{\Parent2 
                                                  }% 8
l.168 ...de Estadstica, Mnisterio de Educacin}
                                                  
The control sequence at the end of the top line
of your error message was never \def'ed. If you have
misspelled it (e.g., `\hobx'), type `I' and the correct
spelling (e.g., `I\hbox'). Otherwise just continue,
and I'll forget about whatever was undefined.

]
File: C:/Users/INE/Desktop/compendio_educacion/graficas/diversificado/1_13.pdf 
Graphic file (type QTm)

<use  "C:/Users/INE/Desktop/compendio_educacion/graficas/diversificado/1_13.pdf
" >
Overfull \hbox (5.76613pt too wide) has occurred while \output is active
[][][][] 
 []

File: logo.pdf Graphic file (type QTm)
<use  "logo.pdf" > [44

]
File: arte.jpg Graphic file (type QTm)
 <use  "arte.jpg" > [45

]
(c:/Users/INE/Desktop/compendio_educacion/graficas/matriculau/1_01.tex)
Overfull \hbox (5.76613pt too wide) has occurred while \output is active
[][][][] 
 []

File: logo.pdf Graphic file (type QTm)
<use  "logo.pdf" > [46


! Undefined control sequence.
<write> ...lados en educacin superior}{\Parent2 
                                                  }% 9
l.192 ...ure}}{Instituto Nacional de Estadstica}
                                                  
The control sequence at the end of the top line
of your error message was never \def'ed. If you have
misspelled it (e.g., `\hobx'), type `I' and the correct
spelling (e.g., `I\hbox'). Otherwise just continue,
and I'll forget about whatever was undefined.

] (c:/Users/INE/Desktop/compendio_educacion/graficas/matriculau/1_16.tex)
Overfull \hbox (5.76613pt too wide) has occurred while \output is active
[][][][] 
 []

File: logo.pdf Graphic file (type QTm)
<use  "logo.pdf" > [47

]
(c:/Users/INE/Desktop/compendio_educacion/graficas/matriculau/1_04.tex)
Overfull \hbox (5.76613pt too wide) has occurred while \output is active
[][][][] 
 []

File: logo.pdf Graphic file (type QTm)
<use  "logo.pdf" > [48

]
(c:/Users/INE/Desktop/compendio_educacion/graficas/matriculau/1_06.tex)
Overfull \hbox (5.76613pt too wide) has occurred while \output is active
[][][][] 
 []

File: logo.pdf Graphic file (type QTm)
<use  "logo.pdf" > [49

]
(c:/Users/INE/Desktop/compendio_educacion/graficas/matriculau/1_09.tex)
Overfull \hbox (5.76613pt too wide) has occurred while \output is active
[][][][] 
 []

File: logo.pdf Graphic file (type QTm)
<use  "logo.pdf" > [50

]
(c:/Users/INE/Desktop/compendio_educacion/graficas/matriculau/1_10.tex)
Overfull \hbox (5.76613pt too wide) has occurred while \output is active
[][][][] 
 []

File: logo.pdf Graphic file (type QTm)
<use  "logo.pdf" > [51

]
(c:/Users/INE/Desktop/compendio_educacion/graficas/matriculau/1_11.tex)
Overfull \hbox (5.76613pt too wide) has occurred while \output is active
[][][][] 
 []

File: logo.pdf Graphic file (type QTm)
<use  "logo.pdf" > [52

]
(c:/Users/INE/Desktop/compendio_educacion/graficas/matriculau/1_12.tex)
Overfull \hbox (5.76613pt too wide) has occurred while \output is active
[][][][] 
 []

File: logo.pdf Graphic file (type QTm)
<use  "logo.pdf" > [53

]
(c:/Users/INE/Desktop/compendio_educacion/graficas/matriculau/1_13.tex)
Overfull \hbox (5.76613pt too wide) has occurred while \output is active
[][][][] 
 []

File: logo.pdf Graphic file (type QTm)
<use  "logo.pdf" > [54

]
(c:/Users/INE/Desktop/compendio_educacion/graficas/matriculau/1_15.tex)
Overfull \hbox (5.76613pt too wide) has occurred while \output is active
[][][][] 
 []

File: logo.pdf Graphic file (type QTm)
<use  "logo.pdf" > [55

]
File: arte.jpg Graphic file (type QTm)
 <use  "arte.jpg" > [56

]
(c:/Users/INE/Desktop/compendio_educacion/graficas/graduados/1_01.tex)
Overfull \hbox (5.76613pt too wide) has occurred while \output is active
[][][][] 
 []

File: logo.pdf Graphic file (type QTm)
<use  "logo.pdf" > [57


! Undefined control sequence.
<write> ...uados de educacin superior}{\Parent2 
                                                  }% 10
l.241 ...ure}}{Instituto Nacional de Estadstica}
                                                  
The control sequence at the end of the top line
of your error message was never \def'ed. If you have
misspelled it (e.g., `\hobx'), type `I' and the correct
spelling (e.g., `I\hbox'). Otherwise just continue,
and I'll forget about whatever was undefined.

] (c:/Users/INE/Desktop/compendio_educacion/graficas/graduados/1_02.tex)
Overfull \hbox (5.76613pt too wide) has occurred while \output is active
[][][][] 
 []

File: logo.pdf Graphic file (type QTm)
<use  "logo.pdf" > [58

]
(c:/Users/INE/Desktop/compendio_educacion/graficas/graduados/1_03.tex)
Overfull \hbox (5.76613pt too wide) has occurred while \output is active
[][][][] 
 []

File: logo.pdf Graphic file (type QTm)
<use  "logo.pdf" > [59

]
(c:/Users/INE/Desktop/compendio_educacion/graficas/graduados/1_05.tex)
Overfull \hbox (5.76613pt too wide) has occurred while \output is active
[][][][] 
 []

File: logo.pdf Graphic file (type QTm)
<use  "logo.pdf" > [60

]
File: arte.jpg Graphic file (type QTm)
 <use  "arte.jpg" > [61

]
(c:/Users/INE/Desktop/compendio_educacion/graficas/pea/1_01.tex)
Overfull \hbox (5.76613pt too wide) has occurred while \output is active
[][][][] 
 []

File: logo.pdf Graphic file (type QTm)
<use  "logo.pdf" > [62


! Undefined control sequence.
<write> ...cin econmicamente activa}{\Parent2 
                                                  }% 11
l.263 ... Estadstica, con datos de ENEI II-2013}
                                                  
The control sequence at the end of the top line
of your error message was never \def'ed. If you have
misspelled it (e.g., `\hobx'), type `I' and the correct
spelling (e.g., `I\hbox'). Otherwise just continue,
and I'll forget about whatever was undefined.

] (c:/Users/INE/Desktop/compendio_educacion/graficas/pea/1_02.tex)
Overfull \hbox (5.76613pt too wide) has occurred while \output is active
[][][][] 
 []

File: logo.pdf Graphic file (type QTm)
<use  "logo.pdf" > [63

]
(c:/Users/INE/Desktop/compendio_educacion/graficas/pea/1_03.tex)
Overfull \hbox (5.76613pt too wide) has occurred while \output is active
[][][][] 
 []

File: logo.pdf Graphic file (type QTm)
<use  "logo.pdf" > [64

]
(c:/Users/INE/Desktop/compendio_educacion/graficas/pea/1_06.tex)
Overfull \hbox (5.76613pt too wide) has occurred while \output is active
[][][][] 
 []

File: logo.pdf Graphic file (type QTm)
<use  "logo.pdf" > [65

]
(c:/Users/INE/Desktop/compendio_educacion/graficas/ocuydesocupados/1_01.tex)
Overfull \hbox (5.76613pt too wide) has occurred while \output is active
[][][][] 
 []

File: logo.pdf Graphic file (type QTm)
<use  "logo.pdf" > [66

]
(c:/Users/INE/Desktop/compendio_educacion/graficas/ocuydesocupados/1_02.tex)
Overfull \hbox (5.76613pt too wide) has occurred while \output is active
[][][][] 
 []

File: logo.pdf Graphic file (type QTm)
<use  "logo.pdf" > [67

]
(c:/Users/INE/Desktop/compendio_educacion/graficas/ocuydesocupados/1_03.tex)
Overfull \hbox (5.76613pt too wide) has occurred while \output is active
[][][][] 
 []

File: logo.pdf Graphic file (type QTm)
<use  "logo.pdf" > [68

]
(c:/Users/INE/Desktop/compendio_educacion/graficas/ocuydesocupados/1_04.tex)
Overfull \hbox (5.76613pt too wide) has occurred while \output is active
[][][][] 
 []

File: logo.pdf Graphic file (type QTm)
<use  "logo.pdf" > [69

]
(c:/Users/INE/Desktop/compendio_educacion/graficas/ocuydesocupados/1_05.tex)
Overfull \hbox (5.76613pt too wide) has occurred while \output is active
[][][][] 
 []

File: logo.pdf Graphic file (type QTm)
<use  "logo.pdf" > [70

]
(c:/Users/INE/Desktop/compendio_educacion/graficas/ocuydesocupados/1_07.tex)
Overfull \hbox (5.76613pt too wide) has occurred while \output is active
[][][][] 
 []

File: logo.pdf Graphic file (type QTm)
<use  "logo.pdf" > [71

]
(c:/Users/INE/Desktop/compendio_educacion/graficas/ocuydesocupados/1_09.tex)
Overfull \hbox (5.76613pt too wide) has occurred while \output is active
[][][][] 
 []

File: logo.pdf Graphic file (type QTm)
<use  "logo.pdf" > [72

]
(c:/Users/INE/Desktop/compendio_educacion/graficas/ocuydesocupados/1_10.tex)
Overfull \hbox (5.76613pt too wide) has occurred while \output is active
[][][][] 
 []

File: logo.pdf Graphic file (type QTm)
<use  "logo.pdf" > [73

]
(c:/Users/INE/Desktop/compendio_educacion/graficas/ocuydesocupados/1_11.tex)
Overfull \hbox (5.76613pt too wide) has occurred while \output is active
[][][][] 
 []

File: logo.pdf Graphic file (type QTm)
<use  "logo.pdf" > [74

]
(c:/Users/INE/Desktop/compendio_educacion/graficas/ocuydesocupados/1_12.tex)
Overfull \hbox (5.76613pt too wide) has occurred while \output is active
[][][][] 
 []

File: logo.pdf Graphic file (type QTm)
<use  "logo.pdf" > [75

]
File: arte.jpg Graphic file (type QTm)
 <use  "arte.jpg" > [76

]
(c:/Users/INE/Desktop/compendio_educacion/graficas/ensmi/1_01.tex)
Overfull \hbox (5.76613pt too wide) has occurred while \output is active
[][][][] 
 []


Overfull \hbox (46.29555pt too wide) has occurred while \output is active
[]  
 []

File: logo.pdf Graphic file (type QTm)
<use  "logo.pdf" > [77


! Undefined control sequence.
<write> ... las mujeres en edad frtil}{\Parent2 
                                                  }% 12
l.337 ...uesta Nacional de Salud Materno Infantil}
                                                  
The control sequence at the end of the top line
of your error message was never \def'ed. If you have
misspelled it (e.g., `\hobx'), type `I' and the correct
spelling (e.g., `I\hbox'). Otherwise just continue,
and I'll forget about whatever was undefined.

] (c:/Users/INE/Desktop/compendio_educacion/graficas/ensmi/1_02.tex)
Overfull \hbox (5.76613pt too wide) has occurred while \output is active
[][][][] 
 []


Overfull \hbox (46.29555pt too wide) has occurred while \output is active
[]  
 []

File: logo.pdf Graphic file (type QTm)
<use  "logo.pdf" > [78

]
(c:/Users/INE/Desktop/compendio_educacion/graficas/ensmi/1_03.tex)
Overfull \hbox (5.76613pt too wide) has occurred while \output is active
[][][][] 
 []


Overfull \hbox (46.29555pt too wide) has occurred while \output is active
[]  
 []

File: logo.pdf Graphic file (type QTm)
<use  "logo.pdf" > [79

]
(c:/Users/INE/Desktop/compendio_educacion/graficas/ensmi/1_08.tex)
Overfull \hbox (5.76613pt too wide) has occurred while \output is active
[][][][] 
 []


Overfull \hbox (46.29555pt too wide) has occurred while \output is active
[]  
 []

File: logo.pdf Graphic file (type QTm)
<use  "logo.pdf" > [80

]
(c:/Users/INE/Desktop/compendio_educacion/graficas/ensmi/1_11.tex)
Overfull \hbox (5.76613pt too wide) has occurred while \output is active
[][][][] 
 []


Overfull \hbox (46.29555pt too wide) has occurred while \output is active
[]  
 []

File: logo.pdf Graphic file (type QTm)
<use  "logo.pdf" > [81

]
(c:/Users/INE/Desktop/compendio_educacion/graficas/ensmi/1_15.tex)
Overfull \hbox (5.76613pt too wide) has occurred while \output is active
[][][][] 
 []


Overfull \hbox (46.29555pt too wide) has occurred while \output is active
[]  
 []

File: logo.pdf Graphic file (type QTm)
<use  "logo.pdf" > [82

]
File: arte.jpg Graphic file (type QTm)
 <use  "arte.jpg" > [83

]
(c:/Users/INE/Desktop/compendio_educacion/graficas/vitales/1_00.tex)
Overfull \hbox (5.76613pt too wide) has occurred while \output is active
[][][][] 
 []

File: logo.pdf Graphic file (type QTm)
<use  "logo.pdf" > [84


! Undefined control sequence.
<write> ...icas escolares de las madres}{\Parent2 
                                                  }% 13
l.366 ...stica, de las Estadsticas Vitales 2013}
                                                  
The control sequence at the end of the top line
of your error message was never \def'ed. If you have
misspelled it (e.g., `\hobx'), type `I' and the correct
spelling (e.g., `I\hbox'). Otherwise just continue,
and I'll forget about whatever was undefined.

] (c:/Users/INE/Desktop/compendio_educacion/graficas/vitales/1_01.tex)
Overfull \hbox (5.76613pt too wide) has occurred while \output is active
[][][][] 
 []

File: logo.pdf Graphic file (type QTm)
<use  "logo.pdf" > [85

]
(c:/Users/INE/Desktop/compendio_educacion/graficas/vitales/1_02.tex)
Overfull \hbox (5.76613pt too wide) has occurred while \output is active
[][][][] 
 []

File: logo.pdf Graphic file (type QTm)
<use  "logo.pdf" > [86

]
File: C:/Users/INE/Desktop/compendio_educacion/graficas/vitales/1_3.pdf Graphic
 file (type QTm)

<use  "C:/Users/INE/Desktop/compendio_educacion/graficas/vitales/1_3.pdf" >
Overfull \hbox (5.76613pt too wide) has occurred while \output is active
[][][][] 
 []

File: logo.pdf Graphic file (type QTm)
<use  "logo.pdf" > [87

]
File: arte.jpg Graphic file (type QTm)
 <use  "arte.jpg" > [88

]
Overfull \hbox (5.76613pt too wide) has occurred while \output is active
[][][][] 
 []


Overfull \hbox (5.35854pt too wide) has occurred while \output is active
[]  
 []

File: logo.pdf Graphic file (type QTm)
<use  "logo.pdf" > [89


! Undefined control sequence.
<write> ...to pblico y financiamiento}{\Parent2 
                                                  }% 14
l.396 ...EFI con datos de SICOIN del  2012, 2013.}
                                                  
The control sequence at the end of the top line
of your error message was never \def'ed. If you have
misspelled it (e.g., `\hobx'), type `I' and the correct
spelling (e.g., `I\hbox'). Otherwise just continue,
and I'll forget about whatever was undefined.

] (c:/Users/INE/Desktop/compendio_educacion/graficas/gasto/1_05.tex)
Overfull \hbox (5.76613pt too wide) has occurred while \output is active
[][][][] 
 []


Overfull \hbox (7.464pt too wide) has occurred while \output is active
[]  
 []

File: logo.pdf Graphic file (type QTm)
<use  "logo.pdf" > [90

]
(c:/Users/INE/Desktop/compendio_educacion/graficas/gasto/1_08.tex)
Overfull \hbox (5.76613pt too wide) has occurred while \output is active
[][][][] 
 []


Overfull \hbox (7.464pt too wide) has occurred while \output is active
[]  
 []

File: logo.pdf Graphic file (type QTm)
<use  "logo.pdf" > [91

]
(c:/Users/INE/Desktop/compendio_educacion/graficas/gasto/1_11.tex)
Overfull \hbox (5.76613pt too wide) has occurred while \output is active
[][][][] 
 []


Overfull \hbox (7.464pt too wide) has occurred while \output is active
[]  
 []

File: logo.pdf Graphic file (type QTm)
<use  "logo.pdf" > [92

]
(c:/Users/INE/Desktop/compendio_educacion/graficas/gasto/1_20.tex)
Overfull \hbox (5.76613pt too wide) has occurred while \output is active
[][][][] 
 []


Overfull \hbox (7.464pt too wide) has occurred while \output is active
[]  
 []

File: logo.pdf Graphic file (type QTm)
<use  "logo.pdf" > [93

]
File: arte.jpg Graphic file (type QTm)
 <use  "arte.jpg" > [94

]
(c:/Users/INE/Desktop/compendio_educacion/graficas/gastohogares/1_01.tex)
Overfull \hbox (5.76613pt too wide) has occurred while \output is active
[][][][] 
 []

File: logo.pdf Graphic file (type QTm)
<use  "logo.pdf" > [95


! Undefined control sequence.
<write> ...asto\040de\040los\040hogares}{\Parent2 
                                                  }% 15
l.418 ...e Estadstica, Encovi 2000, 2006 y 2011}
                                                  
The control sequence at the end of the top line
of your error message was never \def'ed. If you have
misspelled it (e.g., `\hobx'), type `I' and the correct
spelling (e.g., `I\hbox'). Otherwise just continue,
and I'll forget about whatever was undefined.

] (c:/Users/INE/Desktop/compendio_educacion/graficas/gastohogares/1_02.tex)
Overfull \hbox (5.76613pt too wide) has occurred while \output is active
[][][][] 
 []

File: logo.pdf Graphic file (type QTm)
<use  "logo.pdf" > [96

]
(c:/Users/INE/Desktop/compendio_educacion/graficas/gastohogares/1_07.tex)
Overfull \hbox (5.76613pt too wide) has occurred while \output is active
[][][][] 
 []

File: logo.pdf Graphic file (type QTm)
<use  "logo.pdf" > [97

]
File: back.jpg Graphic file (type QTm)
 <use  "back.jpg" > [98

]
File: back.jpg Graphic file (type QTm)
 <use  "back.jpg" > [99

]
LaTeX Font Info:    Try loading font information for EU1+lmtt on input line 429
.

(c:/texlive/2014/texmf-dist/tex/latex/euenc/eu1lmtt.fd
File: eu1lmtt.fd 2009/10/30 v1.6 Font defs for Latin Modern
)
File: back.jpg Graphic file (type QTm)
 <use  "back.jpg" >
[100

]
\tf@nav=\write6
\openout6 = `DocPresentacion.nav'.

\tf@toc=\write7
\openout7 = `DocPresentacion.toc'.

\tf@snm=\write8
\openout8 = `DocPresentacion.snm'.

Package atveryend Info: Empty hook `BeforeClearDocument' on input line 431.
Package atveryend Info: Empty hook `AfterLastShipout' on input line 431.
 (./DocPresentacion.aux)
Package atveryend Info: Empty hook `AtVeryEndDocument' on input line 431.
Package atveryend Info: Empty hook `AtEndAfterFileList' on input line 431.
Package atveryend Info: Empty hook `AtVeryVeryEnd' on input line 431.
 ) 
Here is how much of TeX's memory you used:
 43047 strings out of 493734
 852248 string characters out of 6149467
 826643 words of memory out of 5000000
 45475 multiletter control sequences out of 15000+600000
 11073 words of font info for 95 fonts, out of 8000000 for 9000
 1328 hyphenation exceptions out of 8191
 58i,21n,64p,10455b,962s stack positions out of 5000i,500n,10000p,200000b,80000s

Output written on DocPresentacion.pdf (100 pages).
